TN:
SF:backend/controllers/index.js
FNF:0
FNH:0
LF:0
LH:0
BRF:0
BRH:0
end_of_record
TN:
SF:backend/controllers/workflowController.js
FN:23,(anonymous_0)
FN:85,(anonymous_1)
FN:183,(anonymous_2)
FN:231,(anonymous_3)
FN:240,(anonymous_4)
FN:244,(anonymous_5)
FN:248,(anonymous_6)
FN:278,(anonymous_7)
FN:292,(anonymous_8)
FN:319,(anonymous_9)
FN:347,(anonymous_10)
FN:410,(anonymous_11)
FN:471,(anonymous_12)
FN:524,(anonymous_13)
FN:535,(anonymous_14)
FN:546,(anonymous_15)
FNF:16
FNH:0
FNDA:0,(anonymous_0)
FNDA:0,(anonymous_1)
FNDA:0,(anonymous_2)
FNDA:0,(anonymous_3)
FNDA:0,(anonymous_4)
FNDA:0,(anonymous_5)
FNDA:0,(anonymous_6)
FNDA:0,(anonymous_7)
FNDA:0,(anonymous_8)
FNDA:0,(anonymous_9)
FNDA:0,(anonymous_10)
FNDA:0,(anonymous_11)
FNDA:0,(anonymous_12)
FNDA:0,(anonymous_13)
FNDA:0,(anonymous_14)
FNDA:0,(anonymous_15)
DA:23,0
DA:24,0
DA:25,0
DA:28,0
DA:29,0
DA:36,0
DA:37,0
DA:44,0
DA:45,0
DA:48,0
DA:56,0
DA:62,0
DA:68,0
DA:69,0
DA:75,0
DA:85,0
DA:86,0
DA:87,0
DA:90,0
DA:91,0
DA:98,0
DA:99,0
DA:106,0
DA:107,0
DA:111,0
DA:112,0
DA:118,0
DA:127,0
DA:130,0
DA:131,0
DA:136,0
DA:137,0
DA:145,0
DA:153,0
DA:160,0
DA:166,0
DA:167,0
DA:173,0
DA:183,0
DA:184,0
DA:185,0
DA:187,0
DA:188,0
DA:192,0
DA:193,0
DA:196,0
DA:197,0
DA:199,0
DA:209,0
DA:215,0
DA:216,0
DA:221,0
DA:231,0
DA:232,0
DA:233,0
DA:236,0
DA:239,0
DA:240,0
DA:243,0
DA:244,0
DA:247,0
DA:248,0
DA:252,0
DA:254,0
DA:262,0
DA:268,0
DA:278,0
DA:279,0
DA:280,0
DA:281,0
DA:283,0
DA:284,0
DA:288,0
DA:291,0
DA:293,0
DA:294,0
DA:295,0
DA:297,0
DA:308,0
DA:317,0
DA:319,0
DA:321,0
DA:330,0
DA:337,0
DA:347,0
DA:348,0
DA:349,0
DA:350,0
DA:352,0
DA:353,0
DA:360,0
DA:363,0
DA:369,0
DA:370,0
DA:374,0
DA:381,0
DA:386,0
DA:393,0
DA:394,0
DA:400,0
DA:410,0
DA:411,0
DA:412,0
DA:413,0
DA:415,0
DA:416,0
DA:423,0
DA:429,0
DA:435,0
DA:442,0
DA:447,0
DA:454,0
DA:455,0
DA:461,0
DA:471,0
DA:472,0
DA:473,0
DA:474,0
DA:477,0
DA:483,0
DA:489,0
DA:495,0
DA:500,0
DA:507,0
DA:508,0
DA:514,0
DA:524,0
DA:525,0
DA:527,0
DA:528,0
DA:531,0
DA:532,0
DA:533,0
DA:535,0
DA:537,0
DA:540,0
DA:541,0
DA:546,0
DA:547,0
DA:549,0
DA:560,0
DA:563,0
DA:568,0
LF:143
LH:0
BRDA:28,0,0,0
BRDA:28,0,1,0
BRDA:28,1,0,0
BRDA:28,1,1,0
BRDA:28,1,2,0
BRDA:36,2,0,0
BRDA:36,2,1,0
BRDA:68,3,0,0
BRDA:68,3,1,0
BRDA:90,4,0,0
BRDA:90,4,1,0
BRDA:90,5,0,0
BRDA:90,5,1,0
BRDA:90,5,2,0
BRDA:90,5,3,0
BRDA:98,6,0,0
BRDA:98,6,1,0
BRDA:106,7,0,0
BRDA:106,7,1,0
BRDA:106,8,0,0
BRDA:106,8,1,0
BRDA:106,8,2,0
BRDA:111,9,0,0
BRDA:111,9,1,0
BRDA:111,10,0,0
BRDA:111,10,1,0
BRDA:111,10,2,0
BRDA:121,11,0,0
BRDA:121,11,1,0
BRDA:122,12,0,0
BRDA:122,12,1,0
BRDA:123,13,0,0
BRDA:123,13,1,0
BRDA:130,14,0,0
BRDA:130,14,1,0
BRDA:136,15,0,0
BRDA:136,15,1,0
BRDA:166,16,0,0
BRDA:166,16,1,0
BRDA:187,17,0,0
BRDA:187,17,1,0
BRDA:215,18,0,0
BRDA:215,18,1,0
BRDA:239,19,0,0
BRDA:239,19,1,0
BRDA:243,20,0,0
BRDA:243,20,1,0
BRDA:247,21,0,0
BRDA:247,21,1,0
BRDA:281,22,0,0
BRDA:281,23,0,0
BRDA:283,24,0,0
BRDA:283,24,1,0
BRDA:317,25,0,0
BRDA:317,25,1,0
BRDA:352,26,0,0
BRDA:352,26,1,0
BRDA:352,27,0,0
BRDA:352,27,1,0
BRDA:369,28,0,0
BRDA:369,28,1,0
BRDA:370,29,0,0
BRDA:370,29,1,0
BRDA:393,30,0,0
BRDA:393,30,1,0
BRDA:415,31,0,0
BRDA:415,31,1,0
BRDA:415,32,0,0
BRDA:415,32,1,0
BRDA:415,32,2,0
BRDA:425,33,0,0
BRDA:425,33,1,0
BRDA:454,34,0,0
BRDA:454,34,1,0
BRDA:507,35,0,0
BRDA:507,35,1,0
BRDA:537,36,0,0
BRDA:537,36,1,0
BRDA:540,37,0,0
BRDA:540,37,1,0
BRDA:541,38,0,0
BRDA:541,38,1,0
BRDA:546,39,0,0
BRDA:546,39,1,0
BRDA:547,40,0,0
BRDA:547,40,1,0
BRF:86
BRH:0
end_of_record
TN:
SF:backend/controllers/auth/advancedSecurityController.js
FN:24,(anonymous_0)
FN:127,(anonymous_1)
FN:181,(anonymous_2)
FN:219,(anonymous_3)
FN:250,(anonymous_4)
FN:276,(anonymous_5)
FN:341,(anonymous_6)
FN:405,calculateSecurityScore
FN:424,(anonymous_8)
FNF:9
FNH:0
FNDA:0,(anonymous_0)
FNDA:0,(anonymous_1)
FNDA:0,(anonymous_2)
FNDA:0,(anonymous_3)
FNDA:0,(anonymous_4)
FNDA:0,(anonymous_5)
FNDA:0,(anonymous_6)
FNDA:0,calculateSecurityScore
FNDA:0,(anonymous_8)
DA:24,0
DA:25,0
DA:28,0
DA:29,0
DA:36,0
DA:37,0
DA:38,0
DA:44,0
DA:56,0
DA:59,0
DA:62,0
DA:69,0
DA:72,0
DA:75,0
DA:78,0
DA:93,0
DA:111,0
DA:127,0
DA:128,0
DA:130,0
DA:131,0
DA:137,0
DA:139,0
DA:140,0
DA:143,0
DA:149,0
DA:166,0
DA:167,0
DA:170,0
DA:181,0
DA:183,0
DA:184,0
DA:189,0
DA:194,0
DA:205,0
DA:219,0
DA:220,0
DA:223,0
DA:224,0
DA:230,0
DA:233,0
DA:234,0
DA:235,0
DA:241,0
DA:250,0
DA:261,0
DA:276,0
DA:277,0
DA:280,0
DA:281,0
DA:286,0
DA:287,0
DA:294,0
DA:295,0
DA:296,0
DA:302,0
DA:305,0
DA:306,0
DA:318,0
DA:341,0
DA:342,0
DA:343,0
DA:346,0
DA:347,0
DA:353,0
DA:354,0
DA:362,0
DA:363,0
DA:365,0
DA:366,0
DA:367,0
DA:369,0
DA:379,0
DA:382,0
DA:390,0
DA:406,0
DA:409,0
DA:410,0
DA:414,0
DA:415,0
DA:419,0
DA:420,0
DA:424,0
DA:425,0
DA:426,0
DA:430,0
LF:86
LH:0
BRDA:28,0,0,0
BRDA:28,0,1,0
BRDA:28,1,0,0
BRDA:28,1,1,0
BRDA:37,2,0,0
BRDA:37,2,1,0
BRDA:83,3,0,0
BRDA:83,3,1,0
BRDA:99,4,0,0
BRDA:99,4,1,0
BRDA:117,5,0,0
BRDA:117,5,1,0
BRDA:130,6,0,0
BRDA:130,6,1,0
BRDA:146,7,0,0
BRDA:146,7,1,0
BRDA:166,8,0,0
BRDA:166,8,1,0
BRDA:183,9,0,0
BRDA:183,9,1,0
BRDA:223,10,0,0
BRDA:223,10,1,0
BRDA:223,11,0,0
BRDA:223,11,1,0
BRDA:234,12,0,0
BRDA:234,12,1,0
BRDA:248,13,0,0
BRDA:248,13,1,0
BRDA:280,14,0,0
BRDA:280,14,1,0
BRDA:286,15,0,0
BRDA:286,15,1,0
BRDA:295,16,0,0
BRDA:295,16,1,0
BRDA:302,17,0,0
BRDA:302,17,1,0
BRDA:305,18,0,0
BRDA:305,18,1,0
BRDA:311,19,0,0
BRDA:311,19,1,0
BRDA:323,20,0,0
BRDA:323,20,1,0
BRDA:324,21,0,0
BRDA:324,21,1,0
BRDA:331,22,0,0
BRDA:331,22,1,0
BRDA:346,23,0,0
BRDA:346,23,1,0
BRDA:353,24,0,0
BRDA:353,24,1,0
BRDA:353,25,0,0
BRDA:353,25,1,0
BRDA:353,25,2,0
BRDA:367,26,0,0
BRDA:367,26,1,0
BRDA:371,27,0,0
BRDA:371,27,1,0
BRDA:372,28,0,0
BRDA:372,28,1,0
BRDA:373,29,0,0
BRDA:373,29,1,0
BRDA:409,30,0,0
BRDA:409,30,1,0
BRDA:414,31,0,0
BRDA:414,31,1,0
BRDA:419,32,0,0
BRDA:419,32,1,0
BRDA:425,33,0,0
BRDA:425,33,1,0
BRF:69
BRH:0
end_of_record
TN:
SF:backend/controllers/auth/anomalyDetectionController.js
FN:20,(anonymous_0)
FN:82,(anonymous_1)
FN:120,(anonymous_2)
FN:160,(anonymous_3)
FN:188,(anonymous_4)
FN:217,(anonymous_5)
FN:242,(anonymous_6)
FN:289,(anonymous_7)
FN:356,(anonymous_8)
FN:401,(anonymous_9)
FNF:10
FNH:0
FNDA:0,(anonymous_0)
FNDA:0,(anonymous_1)
FNDA:0,(anonymous_2)
FNDA:0,(anonymous_3)
FNDA:0,(anonymous_4)
FNDA:0,(anonymous_5)
FNDA:0,(anonymous_6)
FNDA:0,(anonymous_7)
FNDA:0,(anonymous_8)
FNDA:0,(anonymous_9)
DA:21,0
DA:32,0
DA:35,0
DA:36,0
DA:40,0
DA:41,0
DA:45,0
DA:46,0
DA:49,0
DA:61,0
DA:63,0
DA:69,0
DA:75,0
DA:83,0
DA:84,0
DA:87,0
DA:88,0
DA:89,0
DA:92,0
DA:94,0
DA:95,0
DA:98,0
DA:107,0
DA:113,0
DA:121,0
DA:122,0
DA:123,0
DA:125,0
DA:126,0
DA:129,0
DA:130,0
DA:131,0
DA:134,0
DA:136,0
DA:147,0
DA:153,0
DA:161,0
DA:162,0
DA:170,0
DA:176,0
DA:181,0
DA:189,0
DA:190,0
DA:199,0
DA:205,0
DA:210,0
DA:218,0
DA:219,0
DA:221,0
DA:230,0
DA:235,0
DA:243,0
DA:245,0
DA:252,0
DA:259,0
DA:271,0
DA:277,0
DA:282,0
DA:290,0
DA:291,0
DA:292,0
DA:294,0
DA:295,0
DA:299,0
DA:300,0
DA:305,0
DA:306,0
DA:309,0
DA:311,0
DA:312,0
DA:313,0
DA:314,0
DA:315,0
DA:316,0
DA:328,0
DA:332,0
DA:343,0
DA:349,0
DA:357,0
DA:358,0
DA:383,0
DA:389,0
DA:394,0
DA:402,0
DA:404,0
DA:420,0
DA:422,0
DA:433,0
DA:438,0
LF:89
LH:0
BRDA:35,0,0,0
BRDA:35,0,1,0
BRDA:35,1,0,0
BRDA:35,1,1,0
BRDA:35,1,2,0
BRDA:35,1,3,0
BRDA:35,1,4,0
BRDA:40,2,0,0
BRDA:40,2,1,0
BRDA:45,3,0,0
BRDA:45,3,1,0
BRDA:45,4,0,0
BRDA:45,4,1,0
BRDA:45,4,2,0
BRDA:55,5,0,0
BRDA:55,5,1,0
BRDA:84,6,0,0
BRDA:88,7,0,0
BRDA:88,7,1,0
BRDA:94,8,0,0
BRDA:94,8,1,0
BRDA:123,9,0,0
BRDA:125,10,0,0
BRDA:125,10,1,0
BRDA:130,11,0,0
BRDA:130,11,1,0
BRDA:130,12,0,0
BRDA:130,12,1,0
BRDA:130,12,2,0
BRDA:291,13,0,0
BRDA:294,14,0,0
BRDA:294,14,1,0
BRDA:294,15,0,0
BRDA:294,15,1,0
BRDA:294,15,2,0
BRDA:314,16,0,0
BRDA:314,16,1,0
BRF:37
BRH:0
end_of_record
TN:
SF:backend/controllers/auth/authController.js
FN:25,(anonymous_0)
FN:85,(anonymous_1)
FN:132,(anonymous_2)
FN:195,(anonymous_3)
FN:248,(anonymous_4)
FN:302,(anonymous_5)
FNF:6
FNH:0
FNDA:0,(anonymous_0)
FNDA:0,(anonymous_1)
FNDA:0,(anonymous_2)
FNDA:0,(anonymous_3)
FNDA:0,(anonymous_4)
FNDA:0,(anonymous_5)
DA:25,0
DA:26,0
DA:29,0
DA:30,0
DA:37,0
DA:40,0
DA:43,0
DA:55,0
DA:70,0
DA:85,0
DA:86,0
DA:87,0
DA:89,0
DA:90,0
DA:91,0
DA:94,0
DA:108,0
DA:117,0
DA:132,0
DA:133,0
DA:135,0
DA:136,0
DA:143,0
DA:146,0
DA:147,0
DA:148,0
DA:154,0
DA:155,0
DA:161,0
DA:163,0
DA:171,0
DA:180,0
DA:195,0
DA:196,0
DA:197,0
DA:199,0
DA:200,0
DA:206,0
DA:209,0
DA:210,0
DA:211,0
DA:216,0
DA:218,0
DA:233,0
DA:248,0
DA:249,0
DA:250,0
DA:251,0
DA:253,0
DA:254,0
DA:259,0
DA:260,0
DA:267,0
DA:268,0
DA:270,0
DA:271,0
DA:277,0
DA:278,0
DA:279,0
DA:285,0
DA:287,0
DA:302,0
DA:303,0
DA:304,0
DA:305,0
DA:307,0
DA:308,0
DA:313,0
DA:314,0
DA:315,0
DA:324,0
DA:325,0
DA:327,0
DA:328,0
DA:333,0
DA:335,0
DA:349,0
LF:77
LH:0
BRDA:29,0,0,0
BRDA:29,0,1,0
BRDA:29,1,0,0
BRDA:29,1,1,0
BRDA:47,2,0,0
BRDA:47,2,1,0
BRDA:50,3,0,0
BRDA:50,3,1,0
BRDA:66,4,0,0
BRDA:66,4,1,0
BRDA:89,5,0,0
BRDA:89,5,1,0
BRDA:99,6,0,0
BRDA:99,6,1,0
BRDA:135,7,0,0
BRDA:135,7,1,0
BRDA:147,8,0,0
BRDA:147,8,1,0
BRDA:154,9,0,0
BRDA:154,9,1,0
BRDA:199,10,0,0
BRDA:199,10,1,0
BRDA:210,11,0,0
BRDA:210,11,1,0
BRDA:224,12,0,0
BRDA:224,12,1,0
BRDA:253,13,0,0
BRDA:253,13,1,0
BRDA:259,14,0,0
BRDA:259,14,1,0
BRDA:259,15,0,0
BRDA:259,15,1,0
BRDA:270,16,0,0
BRDA:270,16,1,0
BRDA:278,17,0,0
BRDA:278,17,1,0
BRDA:307,18,0,0
BRDA:307,18,1,0
BRDA:314,19,0,0
BRDA:314,19,1,0
BRDA:314,20,0,0
BRDA:314,20,1,0
BRDA:314,20,2,0
BRDA:327,21,0,0
BRDA:327,21,1,0
BRDA:344,22,0,0
BRDA:344,22,1,0
BRDA:345,23,0,0
BRDA:345,23,1,0
BRDA:351,24,0,0
BRDA:351,24,1,0
BRDA:355,25,0,0
BRDA:355,25,1,0
BRF:53
BRH:0
end_of_record
TN:
SF:backend/controllers/auth/authHealthController.js
FN:20,(anonymous_0)
FN:48,(anonymous_1)
FN:84,(anonymous_2)
FN:122,(anonymous_3)
FN:156,(anonymous_4)
FN:206,(anonymous_5)
FN:240,(anonymous_6)
FN:268,(anonymous_7)
FN:277,(anonymous_8)
FN:286,(anonymous_9)
FN:290,(anonymous_10)
FN:343,(anonymous_11)
FN:354,(anonymous_12)
FNF:13
FNH:0
FNDA:0,(anonymous_0)
FNDA:0,(anonymous_1)
FNDA:0,(anonymous_2)
FNDA:0,(anonymous_3)
FNDA:0,(anonymous_4)
FNDA:0,(anonymous_5)
FNDA:0,(anonymous_6)
FNDA:0,(anonymous_7)
FNDA:0,(anonymous_8)
FNDA:0,(anonymous_9)
FNDA:0,(anonymous_10)
FNDA:0,(anonymous_11)
FNDA:0,(anonymous_12)
DA:21,0
DA:22,0
DA:23,0
DA:25,0
DA:28,0
DA:30,0
DA:36,0
DA:41,0
DA:49,0
DA:50,0
DA:52,0
DA:53,0
DA:56,0
DA:58,0
DA:67,0
DA:73,0
DA:74,0
DA:77,0
DA:85,0
DA:86,0
DA:89,0
DA:90,0
DA:91,0
DA:94,0
DA:96,0
DA:97,0
DA:100,0
DA:109,0
DA:115,0
DA:123,0
DA:124,0
DA:125,0
DA:127,0
DA:128,0
DA:131,0
DA:133,0
DA:143,0
DA:149,0
DA:157,0
DA:159,0
DA:162,0
DA:169,0
DA:171,0
DA:188,0
DA:194,0
DA:199,0
DA:207,0
DA:208,0
DA:209,0
DA:212,0
DA:215,0
DA:217,0
DA:228,0
DA:233,0
DA:241,0
DA:242,0
DA:250,0
DA:256,0
DA:261,0
DA:269,0
DA:270,0
DA:277,0
DA:278,0
DA:282,0
DA:283,0
DA:286,0
DA:287,0
DA:290,0
DA:291,0
DA:295,0
DA:296,0
DA:299,0
DA:300,0
DA:301,0
DA:302,0
DA:303,0
DA:306,0
DA:307,0
DA:308,0
DA:310,0
DA:311,0
DA:312,0
DA:313,0
DA:316,0
DA:344,0
DA:345,0
DA:346,0
DA:348,0
DA:355,0
DA:362,0
DA:363,0
DA:365,0
DA:366,0
DA:367,0
DA:370,0
LF:95
LH:0
BRDA:22,0,0,0
BRDA:52,1,0,0
BRDA:52,1,1,0
BRDA:73,2,0,0
BRDA:73,2,1,0
BRDA:86,3,0,0
BRDA:90,4,0,0
BRDA:90,4,1,0
BRDA:96,5,0,0
BRDA:96,5,1,0
BRDA:124,6,0,0
BRDA:127,7,0,0
BRDA:127,7,1,0
BRDA:127,8,0,0
BRDA:127,8,1,0
BRDA:127,8,2,0
BRDA:208,9,0,0
BRDA:269,10,0,0
BRDA:269,10,1,0
BRDA:287,11,0,0
BRDA:287,11,1,0
BRDA:291,12,0,0
BRDA:291,12,1,0
BRDA:300,13,0,0
BRDA:300,13,1,0
BRDA:302,14,0,0
BRDA:302,14,1,0
BRDA:310,15,0,0
BRDA:310,15,1,0
BRDA:312,16,0,0
BRDA:312,16,1,0
BRDA:346,17,0,0
BRDA:346,17,1,0
BRDA:366,18,0,0
BRDA:366,18,1,0
BRDA:370,19,0,0
BRDA:370,19,1,0
BRF:37
BRH:0
end_of_record
TN:
SF:backend/controllers/auth/complianceAuditController.js
FN:23,(anonymous_0)
FN:84,(anonymous_1)
FN:109,(anonymous_2)
FN:188,(anonymous_3)
FN:242,(anonymous_4)
FN:306,(anonymous_5)
FN:346,(anonymous_6)
FN:379,(anonymous_7)
FN:412,(anonymous_8)
FN:454,(anonymous_9)
FNF:10
FNH:0
FNDA:0,(anonymous_0)
FNDA:0,(anonymous_1)
FNDA:0,(anonymous_2)
FNDA:0,(anonymous_3)
FNDA:0,(anonymous_4)
FNDA:0,(anonymous_5)
FNDA:0,(anonymous_6)
FNDA:0,(anonymous_7)
FNDA:0,(anonymous_8)
FNDA:0,(anonymous_9)
DA:23,0
DA:25,0
DA:26,0
DA:43,0
DA:46,0
DA:47,0
DA:54,0
DA:55,0
DA:61,0
DA:62,0
DA:76,0
DA:78,0
DA:84,0
DA:91,0
DA:98,0
DA:109,0
DA:111,0
DA:112,0
DA:117,0
DA:119,0
DA:120,0
DA:126,0
DA:127,0
DA:134,0
DA:135,0
DA:137,0
DA:138,0
DA:144,0
DA:145,0
DA:151,0
DA:152,0
DA:154,0
DA:168,0
DA:177,0
DA:188,0
DA:190,0
DA:191,0
DA:196,0
DA:199,0
DA:200,0
DA:201,0
DA:208,0
DA:209,0
DA:211,0
DA:224,0
DA:231,0
DA:242,0
DA:244,0
DA:245,0
DA:250,0
DA:253,0
DA:254,0
DA:255,0
DA:262,0
DA:263,0
DA:266,0
DA:267,0
DA:268,0
DA:269,0
DA:270,0
DA:271,0
DA:274,0
DA:287,0
DA:295,0
DA:306,0
DA:308,0
DA:309,0
DA:314,0
DA:315,0
DA:317,0
DA:329,0
DA:335,0
DA:346,0
DA:347,0
DA:348,0
DA:350,0
DA:362,0
DA:368,0
DA:379,0
DA:380,0
DA:381,0
DA:383,0
DA:395,0
DA:401,0
DA:412,0
DA:413,0
DA:414,0
DA:417,0
DA:418,0
DA:419,0
DA:422,0
DA:437,0
DA:443,0
DA:454,0
DA:456,0
DA:457,0
DA:462,0
DA:464,0
DA:467,0
DA:488,0
DA:499,0
DA:505,0
LF:102
LH:0
BRDA:25,0,0,0
BRDA:25,0,1,0
BRDA:41,1,0,0
BRDA:42,2,0,0
BRDA:46,3,0,0
BRDA:46,3,1,0
BRDA:54,4,0,0
BRDA:54,4,1,0
BRDA:69,5,0,0
BRDA:69,5,1,0
BRDA:111,6,0,0
BRDA:111,6,1,0
BRDA:119,7,0,0
BRDA:119,7,1,0
BRDA:126,8,0,0
BRDA:126,8,1,0
BRDA:126,9,0,0
BRDA:126,9,1,0
BRDA:128,10,0,0
BRDA:128,10,1,0
BRDA:137,11,0,0
BRDA:137,11,1,0
BRDA:137,12,0,0
BRDA:137,12,1,0
BRDA:144,13,0,0
BRDA:144,13,1,0
BRDA:190,14,0,0
BRDA:190,14,1,0
BRDA:196,15,0,0
BRDA:200,16,0,0
BRDA:200,16,1,0
BRDA:244,17,0,0
BRDA:244,17,1,0
BRDA:250,18,0,0
BRDA:250,19,0,0
BRDA:254,20,0,0
BRDA:254,20,1,0
BRDA:266,21,0,0
BRDA:266,21,1,0
BRDA:269,22,0,0
BRDA:269,22,1,0
BRDA:275,23,0,0
BRDA:275,23,1,0
BRDA:308,24,0,0
BRDA:308,24,1,0
BRDA:456,25,0,0
BRDA:456,25,1,0
BRF:47
BRH:0
end_of_record
TN:
SF:backend/controllers/auth/enhancedAuthController.js
FN:22,(anonymous_0)
FN:79,(anonymous_1)
FN:122,(anonymous_2)
FN:170,(anonymous_3)
FN:185,(anonymous_4)
FN:207,(anonymous_5)
FN:254,(anonymous_6)
FN:278,(anonymous_7)
FN:324,(anonymous_8)
FNF:9
FNH:0
FNDA:0,(anonymous_0)
FNDA:0,(anonymous_1)
FNDA:0,(anonymous_2)
FNDA:0,(anonymous_3)
FNDA:0,(anonymous_4)
FNDA:0,(anonymous_5)
FNDA:0,(anonymous_6)
FNDA:0,(anonymous_7)
FNDA:0,(anonymous_8)
DA:22,0
DA:23,0
DA:26,0
DA:27,0
DA:34,0
DA:37,0
DA:40,0
DA:52,0
DA:64,0
DA:79,0
DA:80,0
DA:81,0
DA:83,0
DA:84,0
DA:91,0
DA:93,0
DA:94,0
DA:102,0
DA:112,0
DA:122,0
DA:123,0
DA:126,0
DA:128,0
DA:129,0
DA:134,0
DA:137,0
DA:138,0
DA:143,0
DA:170,0
DA:171,0
DA:174,0
DA:175,0
DA:180,0
DA:182,0
DA:185,0
DA:207,0
DA:208,0
DA:211,0
DA:212,0
DA:217,0
DA:218,0
DA:224,0
DA:226,0
DA:235,0
DA:254,0
DA:256,0
DA:257,0
DA:262,0
DA:264,0
DA:278,0
DA:279,0
DA:281,0
DA:282,0
DA:289,0
DA:291,0
DA:292,0
DA:297,0
DA:300,0
DA:302,0
DA:324,0
DA:325,0
DA:327,0
DA:328,0
DA:335,0
DA:337,0
DA:338,0
DA:348,0
DA:350,0
DA:352,0
DA:368,0
LF:70
LH:0
BRDA:26,0,0,0
BRDA:26,0,1,0
BRDA:26,1,0,0
BRDA:26,1,1,0
BRDA:45,2,0,0
BRDA:45,2,1,0
BRDA:58,3,0,0
BRDA:58,3,1,0
BRDA:83,4,0,0
BRDA:83,4,1,0
BRDA:93,5,0,0
BRDA:93,5,1,0
BRDA:128,6,0,0
BRDA:128,6,1,0
BRDA:137,7,0,0
BRDA:137,7,1,0
BRDA:137,8,0,0
BRDA:137,8,1,0
BRDA:171,9,0,0
BRDA:171,9,1,0
BRDA:174,10,0,0
BRDA:174,10,1,0
BRDA:174,11,0,0
BRDA:174,11,1,0
BRDA:211,12,0,0
BRDA:211,12,1,0
BRDA:217,13,0,0
BRDA:217,13,1,0
BRDA:224,14,0,0
BRDA:224,14,1,0
BRDA:230,15,0,0
BRDA:230,15,1,0
BRDA:239,16,0,0
BRDA:239,16,1,0
BRDA:256,17,0,0
BRDA:256,17,1,0
BRDA:281,18,0,0
BRDA:281,18,1,0
BRDA:291,19,0,0
BRDA:291,19,1,0
BRDA:327,20,0,0
BRDA:327,20,1,0
BRDA:337,21,0,0
BRDA:337,21,1,0
BRF:44
BRH:0
end_of_record
TN:
SF:backend/controllers/auth/index.js
FNF:0
FNH:0
LF:0
LH:0
BRF:0
BRH:0
end_of_record
TN:
SF:backend/controllers/auth/performanceMonitoringController.js
FN:23,(anonymous_0)
FN:52,(anonymous_1)
FN:53,(anonymous_2)
FN:54,(anonymous_3)
FN:87,(anonymous_4)
FN:141,(anonymous_5)
FN:160,(anonymous_6)
FN:164,(anonymous_7)
FN:169,(anonymous_8)
FN:176,(anonymous_9)
FN:177,(anonymous_10)
FN:178,(anonymous_11)
FN:181,(anonymous_12)
FN:182,(anonymous_13)
FN:183,(anonymous_14)
FN:185,(anonymous_15)
FN:217,(anonymous_16)
FN:269,(anonymous_17)
FN:323,(anonymous_18)
FN:369,(anonymous_19)
FN:381,(anonymous_20)
FN:382,(anonymous_21)
FN:455,analyzeTrends
FN:501,generateRecommendations
FN:534,generateHealthRecommendations
FN:560,calculateOverallAverageResponseTime
FN:564,(anonymous_26)
FNF:27
FNH:0
FNDA:0,(anonymous_0)
FNDA:0,(anonymous_1)
FNDA:0,(anonymous_2)
FNDA:0,(anonymous_3)
FNDA:0,(anonymous_4)
FNDA:0,(anonymous_5)
FNDA:0,(anonymous_6)
FNDA:0,(anonymous_7)
FNDA:0,(anonymous_8)
FNDA:0,(anonymous_9)
FNDA:0,(anonymous_10)
FNDA:0,(anonymous_11)
FNDA:0,(anonymous_12)
FNDA:0,(anonymous_13)
FNDA:0,(anonymous_14)
FNDA:0,(anonymous_15)
FNDA:0,(anonymous_16)
FNDA:0,(anonymous_17)
FNDA:0,(anonymous_18)
FNDA:0,(anonymous_19)
FNDA:0,(anonymous_20)
FNDA:0,(anonymous_21)
FNDA:0,analyzeTrends
FNDA:0,generateRecommendations
FNDA:0,generateHealthRecommendations
FNDA:0,calculateOverallAverageResponseTime
FNDA:0,(anonymous_26)
DA:23,0
DA:25,0
DA:26,0
DA:31,0
DA:33,0
DA:41,0
DA:52,0
DA:53,0
DA:54,0
DA:60,0
DA:70,0
DA:76,0
DA:87,0
DA:88,0
DA:91,0
DA:92,0
DA:93,0
DA:101,0
DA:102,0
DA:103,0
DA:105,0
DA:113,0
DA:124,0
DA:130,0
DA:141,0
DA:142,0
DA:145,0
DA:146,0
DA:155,0
DA:156,0
DA:159,0
DA:160,0
DA:163,0
DA:164,0
DA:167,0
DA:168,0
DA:169,0
DA:172,0
DA:176,0
DA:177,0
DA:178,0
DA:181,0
DA:182,0
DA:183,0
DA:185,0
DA:189,0
DA:200,0
DA:206,0
DA:217,0
DA:218,0
DA:220,0
DA:221,0
DA:227,0
DA:228,0
DA:230,0
DA:231,0
DA:241,0
DA:248,0
DA:249,0
DA:252,0
DA:258,0
DA:269,0
DA:270,0
DA:273,0
DA:274,0
DA:275,0
DA:283,0
DA:284,0
DA:287,0
DA:295,0
DA:306,0
DA:312,0
DA:323,0
DA:325,0
DA:326,0
DA:331,0
DA:332,0
DA:334,0
DA:345,0
DA:352,0
DA:358,0
DA:369,0
DA:370,0
DA:372,0
DA:374,0
DA:381,0
DA:382,0
DA:384,0
DA:385,0
DA:386,0
DA:387,0
DA:388,0
DA:389,0
DA:390,0
DA:393,0
DA:415,0
DA:425,0
DA:431,0
DA:456,0
DA:462,0
DA:463,0
DA:464,0
DA:466,0
DA:467,0
DA:474,0
DA:475,0
DA:476,0
DA:479,0
DA:480,0
DA:481,0
DA:482,0
DA:487,0
DA:488,0
DA:489,0
DA:490,0
DA:491,0
DA:492,0
DA:495,0
DA:502,0
DA:504,0
DA:505,0
DA:506,0
DA:507,0
DA:508,0
DA:509,0
DA:510,0
DA:511,0
DA:512,0
DA:513,0
DA:514,0
DA:518,0
DA:519,0
DA:523,0
DA:524,0
DA:525,0
DA:528,0
DA:535,0
DA:537,0
DA:538,0
DA:539,0
DA:540,0
DA:541,0
DA:542,0
DA:543,0
DA:544,0
DA:545,0
DA:546,0
DA:547,0
DA:548,0
DA:550,0
DA:551,0
DA:554,0
DA:561,0
DA:562,0
DA:564,0
DA:565,0
LF:156
LH:0
BRDA:25,0,0,0
BRDA:25,0,1,0
BRDA:44,1,0,0
BRDA:44,1,1,0
BRDA:45,2,0,0
BRDA:45,2,1,0
BRDA:49,3,0,0
BRDA:49,3,1,0
BRDA:51,4,0,0
BRDA:51,4,1,0
BRDA:52,5,0,0
BRDA:52,5,1,0
BRDA:53,6,0,0
BRDA:53,6,1,0
BRDA:54,7,0,0
BRDA:54,7,1,0
BRDA:56,8,0,0
BRDA:56,8,1,0
BRDA:88,9,0,0
BRDA:92,10,0,0
BRDA:92,10,1,0
BRDA:110,11,0,0
BRDA:110,11,1,0
BRDA:142,12,0,0
BRDA:145,13,0,0
BRDA:145,13,1,0
BRDA:145,14,0,0
BRDA:145,14,1,0
BRDA:159,15,0,0
BRDA:159,15,1,0
BRDA:163,16,0,0
BRDA:163,16,1,0
BRDA:167,17,0,0
BRDA:167,17,1,0
BRDA:220,18,0,0
BRDA:220,18,1,0
BRDA:230,19,0,0
BRDA:230,19,1,0
BRDA:248,20,0,0
BRDA:248,20,1,0
BRDA:270,21,0,0
BRDA:274,22,0,0
BRDA:274,22,1,0
BRDA:290,23,0,0
BRDA:290,23,1,0
BRDA:291,24,0,0
BRDA:291,24,1,0
BRDA:292,25,0,0
BRDA:292,25,1,0
BRDA:325,26,0,0
BRDA:325,26,1,0
BRDA:385,27,0,0
BRDA:385,27,1,0
BRDA:387,28,0,0
BRDA:387,28,1,0
BRDA:389,29,0,0
BRDA:389,29,1,0
BRDA:409,30,0,0
BRDA:409,30,1,0
BRDA:410,31,0,0
BRDA:410,31,1,0
BRDA:469,32,0,0
BRDA:469,32,1,0
BRDA:470,33,0,0
BRDA:470,33,1,0
BRDA:471,34,0,0
BRDA:471,34,1,0
BRDA:474,35,0,0
BRDA:474,35,1,0
BRDA:475,36,0,0
BRDA:475,36,1,0
BRDA:479,37,0,0
BRDA:479,37,1,0
BRDA:479,38,0,0
BRDA:479,38,1,0
BRDA:481,39,0,0
BRDA:481,39,1,0
BRDA:481,40,0,0
BRDA:481,40,1,0
BRDA:487,41,0,0
BRDA:487,41,1,0
BRDA:490,42,0,0
BRDA:490,42,1,0
BRDA:505,43,0,0
BRDA:505,43,1,0
BRDA:506,44,0,0
BRDA:506,44,1,0
BRDA:509,45,0,0
BRDA:509,45,1,0
BRDA:512,46,0,0
BRDA:512,46,1,0
BRDA:518,47,0,0
BRDA:518,47,1,0
BRDA:523,48,0,0
BRDA:523,48,1,0
BRDA:537,49,0,0
BRDA:537,49,1,0
BRDA:541,50,0,0
BRDA:541,50,1,0
BRDA:545,51,0,0
BRDA:545,51,1,0
BRDA:562,52,0,0
BRDA:562,52,1,0
BRF:103
BRH:0
end_of_record
TN:
SF:backend/controllers/auth/userExperienceController.js
FN:24,(anonymous_0)
FN:119,(anonymous_1)
FN:218,(anonymous_2)
FN:315,(anonymous_3)
FN:392,(anonymous_4)
FN:475,(anonymous_5)
FN:547,(anonymous_6)
FN:579,(anonymous_7)
FN:591,(anonymous_8)
FN:635,(anonymous_9)
FN:682,(anonymous_10)
FNF:11
FNH:0
FNDA:0,(anonymous_0)
FNDA:0,(anonymous_1)
FNDA:0,(anonymous_2)
FNDA:0,(anonymous_3)
FNDA:0,(anonymous_4)
FNDA:0,(anonymous_5)
FNDA:0,(anonymous_6)
FNDA:0,(anonymous_7)
FNDA:0,(anonymous_8)
FNDA:0,(anonymous_9)
FNDA:0,(anonymous_10)
DA:24,0
DA:25,0
DA:28,0
DA:29,0
DA:35,0
DA:36,0
DA:44,0
DA:46,0
DA:47,0
DA:61,0
DA:63,0
DA:81,0
DA:102,0
DA:108,0
DA:119,0
DA:120,0
DA:123,0
DA:124,0
DA:130,0
DA:132,0
DA:133,0
DA:134,0
DA:140,0
DA:148,0
DA:150,0
DA:151,0
DA:163,0
DA:164,0
DA:181,0
DA:201,0
DA:207,0
DA:218,0
DA:219,0
DA:221,0
DA:222,0
DA:228,0
DA:230,0
DA:231,0
DA:232,0
DA:238,0
DA:246,0
DA:248,0
DA:249,0
DA:261,0
DA:262,0
DA:279,0
DA:298,0
DA:304,0
DA:315,0
DA:316,0
DA:318,0
DA:319,0
DA:325,0
DA:327,0
DA:328,0
DA:329,0
DA:335,0
DA:343,0
DA:345,0
DA:346,0
DA:358,0
DA:375,0
DA:381,0
DA:392,0
DA:393,0
DA:395,0
DA:396,0
DA:402,0
DA:404,0
DA:405,0
DA:406,0
DA:416,0
DA:419,0
DA:420,0
DA:421,0
DA:433,0
DA:438,0
DA:441,0
DA:443,0
DA:459,0
DA:464,0
DA:475,0
DA:476,0
DA:479,0
DA:480,0
DA:485,0
DA:486,0
DA:493,0
DA:495,0
DA:496,0
DA:497,0
DA:504,0
DA:505,0
DA:512,0
DA:513,0
DA:515,0
DA:529,0
DA:536,0
DA:547,0
DA:548,0
DA:549,0
DA:551,0
DA:562,0
DA:568,0
DA:579,0
DA:580,0
DA:582,0
DA:583,0
DA:590,0
DA:591,0
DA:593,0
DA:594,0
DA:602,0
DA:603,0
DA:605,0
DA:617,0
DA:624,0
DA:635,0
DA:636,0
DA:638,0
DA:639,0
DA:645,0
DA:646,0
DA:648,0
DA:649,0
DA:659,0
DA:665,0
DA:671,0
DA:682,0
DA:684,0
DA:685,0
DA:690,0
DA:691,0
DA:693,0
DA:704,0
DA:710,0
LF:136
LH:0
BRDA:28,0,0,0
BRDA:28,0,1,0
BRDA:28,1,0,0
BRDA:28,1,1,0
BRDA:30,2,0,0
BRDA:30,2,1,0
BRDA:39,3,0,0
BRDA:39,3,1,0
BRDA:40,4,0,0
BRDA:40,4,1,0
BRDA:41,5,0,0
BRDA:41,5,1,0
BRDA:46,6,0,0
BRDA:46,6,1,0
BRDA:61,7,0,0
BRDA:61,7,1,0
BRDA:123,8,0,0
BRDA:123,8,1,0
BRDA:123,9,0,0
BRDA:123,9,1,0
BRDA:123,9,2,0
BRDA:125,10,0,0
BRDA:125,10,1,0
BRDA:125,11,0,0
BRDA:125,11,1,0
BRDA:133,12,0,0
BRDA:133,12,1,0
BRDA:143,13,0,0
BRDA:143,13,1,0
BRDA:144,14,0,0
BRDA:144,14,1,0
BRDA:145,15,0,0
BRDA:145,15,1,0
BRDA:150,16,0,0
BRDA:150,16,1,0
BRDA:163,17,0,0
BRDA:163,17,1,0
BRDA:221,18,0,0
BRDA:221,18,1,0
BRDA:221,19,0,0
BRDA:221,19,1,0
BRDA:221,19,2,0
BRDA:223,20,0,0
BRDA:223,20,1,0
BRDA:223,21,0,0
BRDA:223,21,1,0
BRDA:231,22,0,0
BRDA:231,22,1,0
BRDA:241,23,0,0
BRDA:241,23,1,0
BRDA:242,24,0,0
BRDA:242,24,1,0
BRDA:243,25,0,0
BRDA:243,25,1,0
BRDA:248,26,0,0
BRDA:248,26,1,0
BRDA:261,27,0,0
BRDA:261,27,1,0
BRDA:318,28,0,0
BRDA:318,28,1,0
BRDA:318,29,0,0
BRDA:318,29,1,0
BRDA:318,29,2,0
BRDA:320,30,0,0
BRDA:320,30,1,0
BRDA:320,31,0,0
BRDA:320,31,1,0
BRDA:328,32,0,0
BRDA:328,32,1,0
BRDA:338,33,0,0
BRDA:338,33,1,0
BRDA:339,34,0,0
BRDA:339,34,1,0
BRDA:340,35,0,0
BRDA:340,35,1,0
BRDA:345,36,0,0
BRDA:345,36,1,0
BRDA:395,37,0,0
BRDA:395,37,1,0
BRDA:405,38,0,0
BRDA:405,38,1,0
BRDA:420,39,0,0
BRDA:420,39,1,0
BRDA:420,40,0,0
BRDA:420,40,1,0
BRDA:434,41,0,0
BRDA:434,41,1,0
BRDA:435,42,0,0
BRDA:435,42,1,0
BRDA:479,43,0,0
BRDA:479,43,1,0
BRDA:485,44,0,0
BRDA:485,44,1,0
BRDA:485,45,0,0
BRDA:485,45,1,0
BRDA:496,46,0,0
BRDA:496,46,1,0
BRDA:496,47,0,0
BRDA:496,47,1,0
BRDA:504,48,0,0
BRDA:504,48,1,0
BRDA:582,49,0,0
BRDA:582,49,1,0
BRDA:582,50,0,0
BRDA:582,50,1,0
BRDA:593,51,0,0
BRDA:593,51,1,0
BRDA:638,52,0,0
BRDA:638,52,1,0
BRDA:648,53,0,0
BRDA:648,53,1,0
BRDA:684,54,0,0
BRDA:684,54,1,0
BRF:113
BRH:0
end_of_record
TN:
SF:backend/controllers/historical-data/index.js
FN:15,(anonymous_0)
FN:24,(anonymous_1)
FN:94,(anonymous_2)
FN:164,(anonymous_3)
FN:232,(anonymous_4)
FN:272,(anonymous_5)
FN:322,(anonymous_6)
FN:359,(anonymous_7)
FN:418,(anonymous_8)
FN:477,(anonymous_9)
FN:517,(anonymous_10)
FN:568,(anonymous_11)
FN:605,(anonymous_12)
FN:642,(anonymous_13)
FN:679,(anonymous_14)
FN:750,(anonymous_15)
FN:786,(anonymous_16)
FN:821,(anonymous_17)
FN:858,(anonymous_18)
FN:885,(anonymous_19)
FNF:20
FNH:0
FNDA:0,(anonymous_0)
FNDA:0,(anonymous_1)
FNDA:0,(anonymous_2)
FNDA:0,(anonymous_3)
FNDA:0,(anonymous_4)
FNDA:0,(anonymous_5)
FNDA:0,(anonymous_6)
FNDA:0,(anonymous_7)
FNDA:0,(anonymous_8)
FNDA:0,(anonymous_9)
FNDA:0,(anonymous_10)
FNDA:0,(anonymous_11)
FNDA:0,(anonymous_12)
FNDA:0,(anonymous_13)
FNDA:0,(anonymous_14)
FNDA:0,(anonymous_15)
FNDA:0,(anonymous_16)
FNDA:0,(anonymous_17)
FNDA:0,(anonymous_18)
FNDA:0,(anonymous_19)
DA:16,0
DA:25,0
DA:40,0
DA:42,0
DA:54,0
DA:59,0
DA:64,0
DA:66,0
DA:81,0
DA:85,0
DA:95,0
DA:110,0
DA:112,0
DA:124,0
DA:129,0
DA:134,0
DA:136,0
DA:151,0
DA:155,0
DA:165,0
DA:179,0
DA:181,0
DA:192,0
DA:197,0
DA:202,0
DA:204,0
DA:219,0
DA:223,0
DA:233,0
DA:234,0
DA:239,0
DA:241,0
DA:247,0
DA:249,0
DA:258,0
DA:263,0
DA:273,0
DA:281,0
DA:283,0
DA:291,0
DA:293,0
DA:294,0
DA:295,0
DA:298,0
DA:309,0
DA:313,0
DA:323,0
DA:328,0
DA:330,0
DA:336,0
DA:338,0
DA:346,0
DA:350,0
DA:360,0
DA:374,0
DA:376,0
DA:388,0
DA:394,0
DA:396,0
DA:405,0
DA:409,0
DA:419,0
DA:433,0
DA:435,0
DA:447,0
DA:453,0
DA:455,0
DA:464,0
DA:468,0
DA:478,0
DA:479,0
DA:484,0
DA:486,0
DA:492,0
DA:494,0
DA:503,0
DA:508,0
DA:518,0
DA:528,0
DA:530,0
DA:538,0
DA:544,0
DA:546,0
DA:555,0
DA:559,0
DA:569,0
DA:574,0
DA:576,0
DA:582,0
DA:584,0
DA:592,0
DA:596,0
DA:606,0
DA:611,0
DA:613,0
DA:619,0
DA:621,0
DA:629,0
DA:633,0
DA:643,0
DA:648,0
DA:650,0
DA:656,0
DA:658,0
DA:666,0
DA:670,0
DA:680,0
DA:697,0
DA:699,0
DA:718,0
DA:726,0
DA:728,0
DA:737,0
DA:741,0
DA:751,0
DA:752,0
DA:754,0
DA:755,0
DA:763,0
DA:765,0
DA:773,0
DA:777,0
DA:787,0
DA:791,0
DA:793,0
DA:798,0
DA:800,0
DA:808,0
DA:812,0
DA:822,0
DA:827,0
DA:829,0
DA:835,0
DA:837,0
DA:845,0
DA:849,0
DA:859,0
DA:860,0
DA:862,0
DA:864,0
DA:872,0
DA:876,0
DA:886,0
DA:887,0
DA:889,0
DA:891,0
DA:899,0
DA:903,0
LF:148
LH:0
BRDA:36,0,0,0
BRDA:37,1,0,0
BRDA:38,2,0,0
BRDA:39,3,0,0
BRDA:45,4,0,0
BRDA:45,4,1,0
BRDA:46,5,0,0
BRDA:46,5,1,0
BRDA:50,6,0,0
BRDA:50,6,1,0
BRDA:51,7,0,0
BRDA:51,7,1,0
BRDA:106,8,0,0
BRDA:107,9,0,0
BRDA:108,10,0,0
BRDA:109,11,0,0
BRDA:115,12,0,0
BRDA:115,12,1,0
BRDA:116,13,0,0
BRDA:116,13,1,0
BRDA:117,14,0,0
BRDA:117,14,1,0
BRDA:118,15,0,0
BRDA:118,15,1,0
BRDA:175,16,0,0
BRDA:176,17,0,0
BRDA:177,18,0,0
BRDA:178,19,0,0
BRDA:184,20,0,0
BRDA:184,20,1,0
BRDA:185,21,0,0
BRDA:185,21,1,0
BRDA:236,22,0,0
BRDA:237,23,0,0
BRDA:238,24,0,0
BRDA:280,25,0,0
BRDA:286,26,0,0
BRDA:286,26,1,0
BRDA:294,27,0,0
BRDA:294,27,1,0
BRDA:331,28,0,0
BRDA:331,28,1,0
BRDA:371,29,0,0
BRDA:372,30,0,0
BRDA:379,31,0,0
BRDA:379,31,1,0
BRDA:380,32,0,0
BRDA:380,32,1,0
BRDA:384,33,0,0
BRDA:384,33,1,0
BRDA:385,34,0,0
BRDA:385,34,1,0
BRDA:391,35,0,0
BRDA:391,35,1,0
BRDA:430,36,0,0
BRDA:431,37,0,0
BRDA:432,38,0,0
BRDA:438,39,0,0
BRDA:438,39,1,0
BRDA:439,40,0,0
BRDA:439,40,1,0
BRDA:440,41,0,0
BRDA:440,41,1,0
BRDA:441,42,0,0
BRDA:441,42,1,0
BRDA:481,43,0,0
BRDA:482,44,0,0
BRDA:483,45,0,0
BRDA:525,46,0,0
BRDA:526,47,0,0
BRDA:527,48,0,0
BRDA:533,49,0,0
BRDA:533,49,1,0
BRDA:571,50,0,0
BRDA:572,51,0,0
BRDA:573,52,0,0
BRDA:608,53,0,0
BRDA:609,54,0,0
BRDA:616,55,0,0
BRDA:616,55,1,0
BRDA:683,56,0,0
BRDA:688,57,0,0
BRDA:689,58,0,0
BRDA:690,59,0,0
BRDA:691,60,0,0
BRDA:692,61,0,0
BRDA:693,62,0,0
BRDA:694,63,0,0
BRDA:695,64,0,0
BRDA:696,65,0,0
BRDA:702,66,0,0
BRDA:702,66,1,0
BRDA:707,67,0,0
BRDA:707,67,1,0
BRDA:754,68,0,0
BRDA:754,68,1,0
BRDA:754,69,0,0
BRDA:754,69,1,0
BRDA:789,70,0,0
BRDA:795,71,0,0
BRDA:795,71,1,0
BRF:101
BRH:0
end_of_record
TN:
SF:backend/controllers/inspections/index.js
FNF:0
FNH:0
LF:0
LH:0
BRF:0
BRH:0
end_of_record
TN:
SF:backend/controllers/manufacturing-orders/index.js
FN:8,(anonymous_0)
FN:16,(anonymous_1)
FN:57,(anonymous_2)
FN:102,(anonymous_3)
FN:139,(anonymous_4)
FN:151,(anonymous_5)
FN:187,(anonymous_6)
FN:236,(anonymous_7)
FN:282,(anonymous_8)
FNF:9
FNH:0
FNDA:0,(anonymous_0)
FNDA:0,(anonymous_1)
FNDA:0,(anonymous_2)
FNDA:0,(anonymous_3)
FNDA:0,(anonymous_4)
FNDA:0,(anonymous_5)
FNDA:0,(anonymous_6)
FNDA:0,(anonymous_7)
FNDA:0,(anonymous_8)
DA:9,0
DA:17,0
DA:18,0
DA:23,0
DA:25,0
DA:32,0
DA:39,0
DA:45,0
DA:58,0
DA:59,0
DA:60,0
DA:62,0
DA:63,0
DA:69,0
DA:71,0
DA:72,0
DA:78,0
DA:84,0
DA:90,0
DA:103,0
DA:104,0
DA:106,0
DA:108,0
DA:109,0
DA:115,0
DA:121,0
DA:127,0
DA:140,0
DA:141,0
DA:151,0
DA:152,0
DA:153,0
DA:157,0
DA:159,0
DA:169,0
DA:175,0
DA:188,0
DA:189,0
DA:190,0
DA:192,0
DA:193,0
DA:199,0
DA:200,0
DA:202,0
DA:209,0
DA:216,0
DA:223,0
DA:224,0
DA:237,0
DA:238,0
DA:239,0
DA:241,0
DA:242,0
DA:248,0
DA:250,0
DA:256,0
DA:263,0
DA:269,0
DA:270,0
DA:283,0
DA:284,0
DA:285,0
DA:287,0
DA:288,0
DA:294,0
DA:296,0
DA:302,0
DA:308,0
DA:309,0
LF:69
LH:0
BRDA:47,0,0,0
BRDA:47,0,1,0
BRDA:48,1,0,0
BRDA:48,1,1,0
BRDA:62,2,0,0
BRDA:62,2,1,0
BRDA:71,3,0,0
BRDA:71,3,1,0
BRDA:93,4,0,0
BRDA:93,4,1,0
BRDA:108,5,0,0
BRDA:108,5,1,0
BRDA:130,6,0,0
BRDA:130,6,1,0
BRDA:144,7,0,0
BRDA:144,7,1,0
BRDA:145,8,0,0
BRDA:145,8,1,0
BRDA:146,9,0,0
BRDA:146,9,1,0
BRDA:147,10,0,0
BRDA:147,10,1,0
BRDA:152,11,0,0
BRDA:152,11,1,0
BRDA:178,12,0,0
BRDA:178,12,1,0
BRDA:192,13,0,0
BRDA:192,13,1,0
BRDA:223,14,0,0
BRDA:223,14,1,0
BRDA:226,15,0,0
BRDA:226,15,1,0
BRDA:227,16,0,0
BRDA:227,16,1,0
BRDA:241,17,0,0
BRDA:241,17,1,0
BRDA:269,18,0,0
BRDA:269,18,1,0
BRDA:272,19,0,0
BRDA:272,19,1,0
BRDA:273,20,0,0
BRDA:273,20,1,0
BRDA:287,21,0,0
BRDA:287,21,1,0
BRDA:308,22,0,0
BRDA:308,22,1,0
BRDA:311,23,0,0
BRDA:311,23,1,0
BRDA:312,24,0,0
BRDA:312,24,1,0
BRF:50
BRH:0
end_of_record
TN:
SF:backend/controllers/mo-closure/index.js
FN:8,(anonymous_0)
FN:16,(anonymous_1)
FN:63,(anonymous_2)
FN:126,(anonymous_3)
FN:184,(anonymous_4)
FN:225,(anonymous_5)
FN:238,(anonymous_6)
FN:278,(anonymous_7)
FN:305,(anonymous_8)
FNF:9
FNH:0
FNDA:0,(anonymous_0)
FNDA:0,(anonymous_1)
FNDA:0,(anonymous_2)
FNDA:0,(anonymous_3)
FNDA:0,(anonymous_4)
FNDA:0,(anonymous_5)
FNDA:0,(anonymous_6)
FNDA:0,(anonymous_7)
FNDA:0,(anonymous_8)
DA:9,0
DA:17,0
DA:18,0
DA:19,0
DA:21,0
DA:22,0
DA:28,0
DA:30,0
DA:38,0
DA:44,0
DA:50,0
DA:51,0
DA:64,0
DA:65,0
DA:66,0
DA:68,0
DA:69,0
DA:80,0
DA:82,0
DA:84,0
DA:91,0
DA:99,0
DA:106,0
DA:112,0
DA:114,0
DA:127,0
DA:128,0
DA:129,0
DA:131,0
DA:132,0
DA:138,0
DA:139,0
DA:141,0
DA:142,0
DA:148,0
DA:150,0
DA:157,0
DA:164,0
DA:170,0
DA:172,0
DA:185,0
DA:186,0
DA:187,0
DA:189,0
DA:190,0
DA:196,0
DA:198,0
DA:207,0
DA:213,0
DA:226,0
DA:227,0
DA:230,0
DA:238,0
DA:239,0
DA:240,0
DA:246,0
DA:247,0
DA:249,0
DA:254,0
DA:261,0
DA:266,0
DA:279,0
DA:280,0
DA:282,0
DA:288,0
DA:293,0
DA:306,0
DA:307,0
DA:308,0
DA:310,0
DA:311,0
DA:318,0
DA:331,0
DA:332,0
DA:333,0
DA:336,0
DA:350,0
DA:351,0
DA:353,0
DA:360,0
DA:366,0
DA:371,0
LF:82
LH:0
BRDA:21,0,0,0
BRDA:21,0,1,0
BRDA:50,1,0,0
BRDA:50,1,1,0
BRDA:53,2,0,0
BRDA:53,2,1,0
BRDA:54,3,0,0
BRDA:54,3,1,0
BRDA:68,4,0,0
BRDA:68,4,1,0
BRDA:76,5,0,0
BRDA:77,6,0,0
BRDA:78,7,0,0
BRDA:79,8,0,0
BRDA:96,9,0,0
BRDA:96,9,1,0
BRDA:112,10,0,0
BRDA:112,10,1,0
BRDA:113,11,0,0
BRDA:113,11,1,0
BRDA:116,12,0,0
BRDA:116,12,1,0
BRDA:117,13,0,0
BRDA:117,13,1,0
BRDA:131,14,0,0
BRDA:131,14,1,0
BRDA:141,15,0,0
BRDA:141,15,1,0
BRDA:141,16,0,0
BRDA:141,16,1,0
BRDA:170,17,0,0
BRDA:170,17,1,0
BRDA:171,18,0,0
BRDA:171,18,1,0
BRDA:174,19,0,0
BRDA:174,19,1,0
BRDA:175,20,0,0
BRDA:175,20,1,0
BRDA:189,21,0,0
BRDA:189,21,1,0
BRDA:216,22,0,0
BRDA:216,22,1,0
BRDA:239,23,0,0
BRDA:239,23,1,0
BRDA:269,24,0,0
BRDA:269,24,1,0
BRDA:296,25,0,0
BRDA:296,25,1,0
BRDA:307,26,0,0
BRDA:310,27,0,0
BRDA:310,27,1,0
BRDA:310,28,0,0
BRDA:310,28,1,0
BRDA:310,28,2,0
BRDA:374,29,0,0
BRDA:374,29,1,0
BRF:56
BRH:0
end_of_record
TN:
SF:backend/controllers/mo-progress/index.js
FN:9,(anonymous_0)
FN:17,(anonymous_1)
FN:63,(anonymous_2)
FN:117,(anonymous_3)
FN:160,(anonymous_4)
FN:181,(anonymous_5)
FN:218,(anonymous_6)
FN:228,(anonymous_7)
FN:264,(anonymous_8)
FN:314,(anonymous_9)
FN:364,(anonymous_10)
FN:417,(anonymous_11)
FN:444,(anonymous_12)
FN:471,(anonymous_13)
FNF:14
FNH:0
FNDA:0,(anonymous_0)
FNDA:0,(anonymous_1)
FNDA:0,(anonymous_2)
FNDA:0,(anonymous_3)
FNDA:0,(anonymous_4)
FNDA:0,(anonymous_5)
FNDA:0,(anonymous_6)
FNDA:0,(anonymous_7)
FNDA:0,(anonymous_8)
FNDA:0,(anonymous_9)
FNDA:0,(anonymous_10)
FNDA:0,(anonymous_11)
FNDA:0,(anonymous_12)
FNDA:0,(anonymous_13)
DA:10,0
DA:18,0
DA:19,0
DA:20,0
DA:22,0
DA:23,0
DA:29,0
DA:31,0
DA:38,0
DA:44,0
DA:50,0
DA:51,0
DA:64,0
DA:65,0
DA:67,0
DA:68,0
DA:74,0
DA:75,0
DA:81,0
DA:83,0
DA:89,0
DA:99,0
DA:105,0
DA:118,0
DA:119,0
DA:124,0
DA:126,0
DA:132,0
DA:142,0
DA:148,0
DA:161,0
DA:162,0
DA:163,0
DA:165,0
DA:166,0
DA:172,0
DA:181,0
DA:182,0
DA:183,0
DA:187,0
DA:189,0
DA:199,0
DA:206,0
DA:219,0
DA:220,0
DA:228,0
DA:229,0
DA:230,0
DA:234,0
DA:236,0
DA:246,0
DA:252,0
DA:265,0
DA:266,0
DA:267,0
DA:269,0
DA:270,0
DA:276,0
DA:277,0
DA:279,0
DA:281,0
DA:288,0
DA:295,0
DA:301,0
DA:302,0
DA:315,0
DA:316,0
DA:317,0
DA:319,0
DA:320,0
DA:326,0
DA:327,0
DA:329,0
DA:331,0
DA:338,0
DA:345,0
DA:351,0
DA:352,0
DA:365,0
DA:366,0
DA:367,0
DA:369,0
DA:370,0
DA:376,0
DA:381,0
DA:383,0
DA:391,0
DA:398,0
DA:405,0
DA:418,0
DA:419,0
DA:421,0
DA:427,0
DA:432,0
DA:445,0
DA:446,0
DA:448,0
DA:454,0
DA:459,0
DA:472,0
DA:473,0
DA:474,0
DA:476,0
DA:477,0
DA:483,0
DA:485,0
DA:490,0
DA:496,0
DA:502,0
LF:109
LH:0
BRDA:22,0,0,0
BRDA:22,0,1,0
BRDA:50,1,0,0
BRDA:50,1,1,0
BRDA:53,2,0,0
BRDA:53,2,1,0
BRDA:54,3,0,0
BRDA:54,3,1,0
BRDA:67,4,0,0
BRDA:67,4,1,0
BRDA:67,5,0,0
BRDA:67,5,1,0
BRDA:74,6,0,0
BRDA:74,6,1,0
BRDA:108,7,0,0
BRDA:108,7,1,0
BRDA:120,8,0,0
BRDA:120,8,1,0
BRDA:121,9,0,0
BRDA:121,9,1,0
BRDA:151,10,0,0
BRDA:151,10,1,0
BRDA:165,11,0,0
BRDA:165,11,1,0
BRDA:176,12,0,0
BRDA:176,12,1,0
BRDA:177,13,0,0
BRDA:177,13,1,0
BRDA:182,14,0,0
BRDA:182,14,1,0
BRDA:209,15,0,0
BRDA:209,15,1,0
BRDA:223,16,0,0
BRDA:223,16,1,0
BRDA:224,17,0,0
BRDA:224,17,1,0
BRDA:229,18,0,0
BRDA:229,18,1,0
BRDA:255,19,0,0
BRDA:255,19,1,0
BRDA:269,20,0,0
BRDA:269,20,1,0
BRDA:301,21,0,0
BRDA:301,21,1,0
BRDA:304,22,0,0
BRDA:304,22,1,0
BRDA:305,23,0,0
BRDA:305,23,1,0
BRDA:319,24,0,0
BRDA:319,24,1,0
BRDA:351,25,0,0
BRDA:351,25,1,0
BRDA:354,26,0,0
BRDA:354,26,1,0
BRDA:355,27,0,0
BRDA:355,27,1,0
BRDA:369,28,0,0
BRDA:369,28,1,0
BRDA:407,29,0,0
BRDA:407,29,1,0
BRDA:408,30,0,0
BRDA:408,30,1,0
BRDA:435,31,0,0
BRDA:435,31,1,0
BRDA:462,32,0,0
BRDA:462,32,1,0
BRDA:476,33,0,0
BRDA:476,33,1,0
BRDA:505,34,0,0
BRDA:505,34,1,0
BRF:70
BRH:0
end_of_record
TN:
SF:backend/controllers/pallets/index.js
FNF:0
FNH:0
LF:0
LH:0
BRF:0
BRH:0
end_of_record
TN:
SF:backend/controllers/panels/index.js
FNF:0
FNH:0
LF:0
LH:0
BRF:0
BRH:0
end_of_record
TN:
SF:backend/controllers/stations/index.js
FNF:0
FNH:0
LF:0
LH:0
BRF:0
BRH:0
end_of_record
TN:
SF:backend/routes/advancedSecurity.js
FN:104,(anonymous_0)
FN:161,(anonymous_1)
FN:205,(anonymous_2)
FNF:3
FNH:0
FNDA:0,(anonymous_0)
FNDA:0,(anonymous_1)
FNDA:0,(anonymous_2)
DA:15,0
DA:18,0
DA:26,0
DA:38,0
DA:50,0
DA:64,0
DA:77,0
DA:92,0
DA:104,0
DA:105,0
DA:107,0
DA:108,0
DA:110,0
DA:115,0
DA:143,0
DA:161,0
DA:162,0
DA:205,0
DA:206,0
DA:207,0
DA:213,0
DA:214,0
DA:217,0
DA:220,0
DA:225,0
DA:243,0
LF:26
LH:0
BRDA:126,0,0,0
BRDA:126,0,1,0
BRDA:127,1,0,0
BRDA:127,1,1,0
BRDA:128,2,0,0
BRDA:128,2,1,0
BRDA:129,3,0,0
BRDA:129,3,1,0
BRDA:206,4,0,0
BRDA:206,4,1,0
BRF:10
BRH:0
end_of_record
TN:
SF:backend/routes/anomalyDetection.js
FN:16,(anonymous_0)
FN:55,(anonymous_1)
FN:78,(anonymous_2)
FN:148,(anonymous_3)
FN:161,(anonymous_4)
FN:200,(anonymous_5)
FN:230,(anonymous_6)
FNF:7
FNH:0
FNDA:0,(anonymous_0)
FNDA:0,(anonymous_1)
FNDA:0,(anonymous_2)
FNDA:0,(anonymous_3)
FNDA:0,(anonymous_4)
FNDA:0,(anonymous_5)
FNDA:0,(anonymous_6)
DA:13,0
DA:16,0
DA:17,0
DA:55,0
DA:56,0
DA:73,0
DA:78,0
DA:80,0
DA:88,0
DA:91,0
DA:97,0
DA:103,0
DA:109,0
DA:115,0
DA:121,0
DA:127,0
DA:133,0
DA:138,0
DA:145,0
DA:149,0
DA:161,0
DA:162,0
DA:164,0
DA:166,0
DA:167,0
DA:169,0
DA:171,0
DA:183,0
DA:185,0
DA:200,0
DA:201,0
DA:203,0
DA:205,0
DA:206,0
DA:212,0
DA:220,0
DA:230,0
DA:231,0
DA:233,0
DA:234,0
DA:236,0
DA:249,0
LF:42
LH:0
BRDA:205,0,0,0
BRDA:205,0,1,0
BRF:2
BRH:0
end_of_record
TN:
SF:backend/routes/auth.js
FNF:0
FNH:0
DA:8,0
DA:16,0
DA:24,0
DA:32,0
DA:40,0
DA:49,0
DA:58,0
LF:7
LH:0
BRF:0
BRH:0
end_of_record
TN:
SF:backend/routes/authHealth.js
FN:16,(anonymous_0)
FN:47,(anonymous_1)
FN:65,(anonymous_2)
FN:123,(anonymous_3)
FN:136,(anonymous_4)
FN:173,(anonymous_5)
FN:203,(anonymous_6)
FNF:7
FNH:0
FNDA:0,(anonymous_0)
FNDA:0,(anonymous_1)
FNDA:0,(anonymous_2)
FNDA:0,(anonymous_3)
FNDA:0,(anonymous_4)
FNDA:0,(anonymous_5)
FNDA:0,(anonymous_6)
DA:13,0
DA:16,0
DA:17,0
DA:47,0
DA:48,0
DA:65,0
DA:67,0
DA:75,0
DA:78,0
DA:84,0
DA:90,0
DA:96,0
DA:102,0
DA:108,0
DA:114,0
DA:120,0
DA:124,0
DA:136,0
DA:137,0
DA:139,0
DA:141,0
DA:142,0
DA:144,0
DA:146,0
DA:157,0
DA:159,0
DA:173,0
DA:174,0
DA:176,0
DA:178,0
DA:179,0
DA:185,0
DA:193,0
DA:203,0
DA:204,0
DA:206,0
DA:207,0
DA:209,0
DA:221,0
LF:39
LH:0
BRDA:178,0,0,0
BRDA:178,0,1,0
BRF:2
BRH:0
end_of_record
TN:
SF:backend/routes/barcode.js
FN:104,(anonymous_0)
FN:139,(anonymous_1)
FN:165,(anonymous_2)
FN:207,(anonymous_3)
FN:256,(anonymous_4)
FN:292,(anonymous_5)
FN:303,(anonymous_6)
FN:327,(anonymous_7)
FN:350,(anonymous_8)
FN:351,(anonymous_9)
FN:353,(anonymous_10)
FN:354,(anonymous_11)
FN:373,(anonymous_12)
FN:436,(anonymous_13)
FN:448,(anonymous_14)
FN:490,(anonymous_15)
FN:496,(anonymous_16)
FN:521,(anonymous_17)
FN:539,(anonymous_18)
FN:577,(anonymous_19)
FN:610,(anonymous_20)
FN:675,(anonymous_21)
FN:707,(anonymous_22)
FN:740,(anonymous_23)
FN:767,(anonymous_24)
FN:803,(anonymous_25)
FN:837,(anonymous_26)
FN:853,(anonymous_27)
FNF:28
FNH:0
FNDA:0,(anonymous_0)
FNDA:0,(anonymous_1)
FNDA:0,(anonymous_2)
FNDA:0,(anonymous_3)
FNDA:0,(anonymous_4)
FNDA:0,(anonymous_5)
FNDA:0,(anonymous_6)
FNDA:0,(anonymous_7)
FNDA:0,(anonymous_8)
FNDA:0,(anonymous_9)
FNDA:0,(anonymous_10)
FNDA:0,(anonymous_11)
FNDA:0,(anonymous_12)
FNDA:0,(anonymous_13)
FNDA:0,(anonymous_14)
FNDA:0,(anonymous_15)
FNDA:0,(anonymous_16)
FNDA:0,(anonymous_17)
FNDA:0,(anonymous_18)
FNDA:0,(anonymous_19)
FNDA:0,(anonymous_20)
FNDA:0,(anonymous_21)
FNDA:0,(anonymous_22)
FNDA:0,(anonymous_23)
FNDA:0,(anonymous_24)
FNDA:0,(anonymous_25)
FNDA:0,(anonymous_26)
FNDA:0,(anonymous_27)
DA:27,0
DA:30,0
DA:102,0
DA:105,0
DA:107,0
DA:108,0
DA:110,0
DA:111,0
DA:113,0
DA:120,0
DA:121,0
DA:127,0
DA:137,0
DA:140,0
DA:142,0
DA:143,0
DA:144,0
DA:146,0
DA:147,0
DA:153,0
DA:163,0
DA:166,0
DA:168,0
DA:169,0
DA:170,0
DA:172,0
DA:179,0
DA:180,0
DA:182,0
DA:189,0
DA:190,0
DA:196,0
DA:206,0
DA:208,0
DA:210,0
DA:213,0
DA:214,0
DA:215,0
DA:216,0
DA:218,0
DA:226,0
DA:227,0
DA:233,0
DA:234,0
DA:235,0
DA:237,0
DA:238,0
DA:244,0
DA:254,0
DA:257,0
DA:259,0
DA:260,0
DA:261,0
DA:263,0
DA:272,0
DA:274,0
DA:275,0
DA:281,0
DA:291,0
DA:293,0
DA:294,0
DA:302,0
DA:304,0
DA:306,0
DA:307,0
DA:313,0
DA:314,0
DA:320,0
DA:321,0
DA:327,0
DA:328,0
DA:329,0
DA:330,0
DA:336,0
DA:348,0
DA:350,0
DA:351,0
DA:353,0
DA:354,0
DA:358,0
DA:364,0
DA:372,0
DA:374,0
DA:376,0
DA:377,0
DA:383,0
DA:385,0
DA:387,0
DA:388,0
DA:396,0
DA:399,0
DA:400,0
DA:401,0
DA:402,0
DA:405,0
DA:406,0
DA:409,0
DA:415,0
DA:418,0
DA:419,0
DA:425,0
DA:435,0
DA:437,0
DA:439,0
DA:440,0
DA:447,0
DA:448,0
DA:450,0
DA:451,0
DA:458,0
DA:459,0
DA:462,0
DA:464,0
DA:470,0
DA:473,0
DA:474,0
DA:479,0
DA:489,0
DA:491,0
DA:496,0
DA:512,0
DA:520,0
DA:522,0
DA:524,0
DA:525,0
DA:531,0
DA:532,0
DA:533,0
DA:535,0
DA:540,0
DA:541,0
DA:543,0
DA:549,0
DA:550,0
DA:552,0
DA:560,0
DA:561,0
DA:566,0
DA:576,0
DA:578,0
DA:580,0
DA:582,0
DA:583,0
DA:589,0
DA:601,0
DA:609,0
DA:611,0
DA:667,0
DA:675,0
DA:676,0
DA:678,0
DA:679,0
DA:682,0
DA:683,0
DA:685,0
DA:688,0
DA:691,0
DA:692,0
DA:698,0
DA:707,0
DA:708,0
DA:710,0
DA:711,0
DA:717,0
DA:718,0
DA:719,0
DA:721,0
DA:724,0
DA:725,0
DA:731,0
DA:740,0
DA:741,0
DA:743,0
DA:744,0
DA:745,0
DA:747,0
DA:750,0
DA:751,0
DA:752,0
DA:758,0
DA:767,0
DA:768,0
DA:770,0
DA:771,0
DA:777,0
DA:778,0
DA:779,0
DA:781,0
DA:782,0
DA:784,0
DA:787,0
DA:788,0
DA:794,0
DA:803,0
DA:808,0
DA:810,0
DA:811,0
DA:812,0
DA:818,0
DA:821,0
DA:822,0
DA:828,0
DA:837,0
DA:838,0
DA:839,0
DA:840,0
DA:842,0
DA:845,0
DA:853,0
DA:854,0
DA:855,0
DA:856,0
DA:858,0
DA:861,0
LF:214
LH:0
BRDA:110,0,0,0
BRDA:110,0,1,0
BRDA:116,1,0,0
BRDA:116,1,1,0
BRDA:120,2,0,0
BRDA:120,2,1,0
BRDA:146,3,0,0
BRDA:146,3,1,0
BRDA:179,4,0,0
BRDA:179,4,1,0
BRDA:189,5,0,0
BRDA:189,5,1,0
BRDA:213,6,0,0
BRDA:213,6,1,0
BRDA:213,7,0,0
BRDA:213,7,1,0
BRDA:226,8,0,0
BRDA:226,8,1,0
BRDA:237,9,0,0
BRDA:237,9,1,0
BRDA:266,10,0,0
BRDA:266,10,1,0
BRDA:274,11,0,0
BRDA:274,11,1,0
BRDA:306,12,0,0
BRDA:306,12,1,0
BRDA:313,13,0,0
BRDA:313,13,1,0
BRDA:320,14,0,0
BRDA:320,14,1,0
BRDA:342,15,0,0
BRDA:342,15,1,0
BRDA:353,16,0,0
BRDA:353,16,1,0
BRDA:354,17,0,0
BRDA:354,17,1,0
BRDA:374,18,0,0
BRDA:374,19,0,0
BRDA:376,20,0,0
BRDA:376,20,1,0
BRDA:387,21,0,0
BRDA:387,21,1,0
BRDA:399,22,0,0
BRDA:399,22,1,0
BRDA:400,23,0,0
BRDA:400,23,1,0
BRDA:401,24,0,0
BRDA:401,24,1,0
BRDA:402,25,0,0
BRDA:402,25,1,0
BRDA:405,26,0,0
BRDA:405,26,1,0
BRDA:418,27,0,0
BRDA:418,27,1,0
BRDA:437,28,0,0
BRDA:439,29,0,0
BRDA:439,29,1,0
BRDA:450,30,0,0
BRDA:450,30,1,0
BRDA:473,31,0,0
BRDA:473,31,1,0
BRDA:524,32,0,0
BRDA:524,32,1,0
BRDA:538,33,0,0
BRDA:538,33,1,0
BRDA:549,34,0,0
BRDA:549,34,1,0
BRDA:560,35,0,0
BRDA:560,35,1,0
BRDA:582,36,0,0
BRDA:582,36,1,0
BRDA:676,37,0,0
BRDA:676,38,0,0
BRDA:682,39,0,0
BRDA:682,39,1,0
BRDA:691,40,0,0
BRDA:691,40,1,0
BRDA:708,41,0,0
BRDA:710,42,0,0
BRDA:710,42,1,0
BRDA:710,43,0,0
BRDA:710,43,1,0
BRDA:724,44,0,0
BRDA:724,44,1,0
BRDA:750,45,0,0
BRDA:750,45,1,0
BRDA:751,46,0,0
BRDA:751,46,1,0
BRDA:768,47,0,0
BRDA:770,48,0,0
BRDA:770,48,1,0
BRDA:781,49,0,0
BRDA:781,49,1,0
BRDA:782,50,0,0
BRDA:782,50,1,0
BRDA:787,51,0,0
BRDA:787,51,1,0
BRDA:805,52,0,0
BRDA:806,53,0,0
BRDA:807,54,0,0
BRDA:821,55,0,0
BRDA:821,55,1,0
BRF:102
BRH:0
end_of_record
TN:
SF:backend/routes/compliance.js
FN:25,(anonymous_0)
FN:54,(anonymous_1)
FN:83,(anonymous_2)
FN:112,(anonymous_3)
FN:141,(anonymous_4)
FN:170,(anonymous_5)
FN:199,(anonymous_6)
FN:241,(anonymous_7)
FN:283,(anonymous_8)
FN:331,(anonymous_9)
FN:384,(anonymous_10)
FN:393,(anonymous_11)
FN:408,(anonymous_12)
FN:414,(anonymous_13)
FN:418,(anonymous_14)
FNF:15
FNH:0
FNDA:0,(anonymous_0)
FNDA:0,(anonymous_1)
FNDA:0,(anonymous_2)
FNDA:0,(anonymous_3)
FNDA:0,(anonymous_4)
FNDA:0,(anonymous_5)
FNDA:0,(anonymous_6)
FNDA:0,(anonymous_7)
FNDA:0,(anonymous_8)
FNDA:0,(anonymous_9)
FNDA:0,(anonymous_10)
FNDA:0,(anonymous_11)
FNDA:0,(anonymous_12)
FNDA:0,(anonymous_13)
FNDA:0,(anonymous_14)
DA:11,0
DA:14,0
DA:15,0
DA:16,0
DA:17,0
DA:18,0
DA:25,0
DA:26,0
DA:27,0
DA:28,0
DA:30,0
DA:32,0
DA:39,0
DA:40,0
DA:54,0
DA:55,0
DA:56,0
DA:57,0
DA:59,0
DA:61,0
DA:68,0
DA:69,0
DA:83,0
DA:84,0
DA:85,0
DA:86,0
DA:88,0
DA:90,0
DA:97,0
DA:98,0
DA:112,0
DA:113,0
DA:114,0
DA:115,0
DA:117,0
DA:119,0
DA:126,0
DA:127,0
DA:141,0
DA:142,0
DA:143,0
DA:144,0
DA:146,0
DA:148,0
DA:155,0
DA:156,0
DA:170,0
DA:171,0
DA:172,0
DA:173,0
DA:175,0
DA:177,0
DA:184,0
DA:185,0
DA:199,0
DA:200,0
DA:201,0
DA:202,0
DA:204,0
DA:209,0
DA:210,0
DA:217,0
DA:219,0
DA:226,0
DA:227,0
DA:241,0
DA:242,0
DA:243,0
DA:244,0
DA:246,0
DA:251,0
DA:252,0
DA:259,0
DA:261,0
DA:268,0
DA:269,0
DA:283,0
DA:284,0
DA:285,0
DA:286,0
DA:288,0
DA:309,0
DA:316,0
DA:317,0
DA:331,0
DA:332,0
DA:333,0
DA:334,0
DA:336,0
DA:363,0
DA:369,0
DA:370,0
DA:384,0
DA:386,0
DA:387,0
DA:388,0
DA:389,0
DA:390,0
DA:391,0
DA:393,0
DA:394,0
DA:395,0
DA:399,0
DA:400,0
DA:401,0
DA:402,0
DA:404,0
DA:408,0
DA:409,0
DA:410,0
DA:414,0
DA:415,0
DA:418,0
DA:419,0
DA:420,0
LF:115
LH:0
BRDA:209,0,0,0
BRDA:209,0,1,0
BRDA:251,1,0,0
BRDA:251,1,1,0
BRDA:389,2,0,0
BRDA:389,2,1,0
BRF:6
BRH:0
end_of_record
TN:
SF:backend/routes/complianceAudit.js
FN:152,(anonymous_0)
FN:219,(anonymous_1)
FN:259,(anonymous_2)
FN:323,(anonymous_3)
FNF:4
FNH:0
FNDA:0,(anonymous_0)
FNDA:0,(anonymous_1)
FNDA:0,(anonymous_2)
FNDA:0,(anonymous_3)
DA:14,0
DA:17,0
DA:18,0
DA:27,0
DA:42,0
DA:57,0
DA:72,0
DA:86,0
DA:100,0
DA:113,0
DA:126,0
DA:139,0
DA:152,0
DA:153,0
DA:219,0
DA:220,0
DA:221,0
DA:223,0
DA:239,0
DA:259,0
DA:260,0
DA:261,0
DA:267,0
DA:268,0
DA:271,0
DA:272,0
DA:273,0
DA:275,0
DA:310,0
DA:323,0
DA:324,0
LF:31
LH:0
BRDA:260,0,0,0
BRDA:260,0,1,0
BRF:2
BRH:0
end_of_record
TN:
SF:backend/routes/enhancedAuth.js
FN:139,(anonymous_0)
FN:179,(anonymous_1)
FNF:2
FNH:0
FNDA:0,(anonymous_0)
FNDA:0,(anonymous_1)
DA:16,0
DA:19,0
DA:27,0
DA:39,0
DA:52,0
DA:64,0
DA:77,0
DA:91,0
DA:104,0
DA:118,0
DA:130,0
DA:139,0
DA:140,0
DA:142,0
DA:143,0
DA:145,0
DA:163,0
DA:179,0
DA:180,0
LF:19
LH:0
BRF:0
BRH:0
end_of_record
TN:
SF:backend/routes/errorHandling.js
FN:24,(anonymous_0)
FN:43,(anonymous_1)
FN:67,(anonymous_2)
FN:89,(anonymous_3)
FN:108,(anonymous_4)
FN:132,(anonymous_5)
FN:160,(anonymous_6)
FN:192,(anonymous_7)
FN:227,(anonymous_8)
FN:263,(anonymous_9)
FN:291,(anonymous_10)
FN:316,(anonymous_11)
FN:345,testDatabaseRecovery
FN:347,(anonymous_13)
FN:361,testCacheRecovery
FN:363,(anonymous_15)
FN:377,testBarcodeRecovery
FN:379,(anonymous_17)
FN:392,generateHealthRecommendations
FN:396,(anonymous_19)
FN:428,(anonymous_20)
FN:443,generateRecoveryRecommendations
FN:447,(anonymous_22)
FN:463,(anonymous_23)
FN:483,categorizePriority
FN:484,(anonymous_25)
FN:485,(anonymous_26)
FN:486,(anonymous_27)
FN:487,(anonymous_28)
FNF:29
FNH:0
FNDA:0,(anonymous_0)
FNDA:0,(anonymous_1)
FNDA:0,(anonymous_2)
FNDA:0,(anonymous_3)
FNDA:0,(anonymous_4)
FNDA:0,(anonymous_5)
FNDA:0,(anonymous_6)
FNDA:0,(anonymous_7)
FNDA:0,(anonymous_8)
FNDA:0,(anonymous_9)
FNDA:0,(anonymous_10)
FNDA:0,(anonymous_11)
FNDA:0,testDatabaseRecovery
FNDA:0,(anonymous_13)
FNDA:0,testCacheRecovery
FNDA:0,(anonymous_15)
FNDA:0,testBarcodeRecovery
FNDA:0,(anonymous_17)
FNDA:0,generateHealthRecommendations
FNDA:0,(anonymous_19)
FNDA:0,(anonymous_20)
FNDA:0,generateRecoveryRecommendations
FNDA:0,(anonymous_22)
FNDA:0,(anonymous_23)
FNDA:0,categorizePriority
FNDA:0,(anonymous_25)
FNDA:0,(anonymous_26)
FNDA:0,(anonymous_27)
FNDA:0,(anonymous_28)
DA:18,0
DA:24,0
DA:25,0
DA:26,0
DA:28,0
DA:31,0
DA:43,0
DA:44,0
DA:45,0
DA:47,0
DA:49,0
DA:55,0
DA:67,0
DA:68,0
DA:69,0
DA:71,0
DA:77,0
DA:89,0
DA:90,0
DA:91,0
DA:93,0
DA:96,0
DA:108,0
DA:109,0
DA:110,0
DA:111,0
DA:113,0
DA:120,0
DA:132,0
DA:133,0
DA:134,0
DA:135,0
DA:137,0
DA:139,0
DA:148,0
DA:160,0
DA:161,0
DA:162,0
DA:163,0
DA:164,0
DA:166,0
DA:175,0
DA:177,0
DA:180,0
DA:192,0
DA:193,0
DA:194,0
DA:198,0
DA:199,0
DA:200,0
DA:201,0
DA:202,0
DA:203,0
DA:205,0
DA:212,0
DA:215,0
DA:227,0
DA:228,0
DA:229,0
DA:231,0
DA:232,0
DA:233,0
DA:235,0
DA:237,0
DA:238,0
DA:240,0
DA:243,0
DA:251,0
DA:263,0
DA:264,0
DA:265,0
DA:271,0
DA:272,0
DA:274,0
DA:277,0
DA:285,0
DA:291,0
DA:292,0
DA:295,0
DA:304,0
DA:316,0
DA:317,0
DA:318,0
DA:319,0
DA:320,0
DA:322,0
DA:328,0
DA:335,0
DA:346,0
DA:348,0
DA:349,0
DA:351,0
DA:362,0
DA:364,0
DA:365,0
DA:367,0
DA:378,0
DA:380,0
DA:381,0
DA:383,0
DA:393,0
DA:396,0
DA:397,0
DA:398,0
DA:405,0
DA:406,0
DA:417,0
DA:418,0
DA:428,0
DA:429,0
DA:430,0
DA:440,0
DA:444,0
DA:447,0
DA:448,0
DA:449,0
DA:463,0
DA:464,0
DA:465,0
DA:480,0
DA:484,0
DA:485,0
DA:486,0
DA:487,0
DA:489,0
LF:125
LH:0
BRDA:110,0,0,0
BRDA:134,1,0,0
BRDA:175,2,0,0
BRDA:175,2,1,0
BRDA:194,3,0,0
BRDA:194,4,0,0
BRDA:198,5,0,0
BRDA:198,5,1,0
BRDA:200,6,0,0
BRDA:200,6,1,0
BRDA:202,7,0,0
BRDA:202,7,1,0
BRDA:231,8,0,0
BRDA:231,8,1,0
BRDA:232,9,0,0
BRDA:237,10,0,0
BRDA:237,10,1,0
BRDA:264,11,0,0
BRDA:264,11,1,0
BRDA:272,12,0,0
BRDA:272,13,0,0
BRDA:348,14,0,0
BRDA:348,14,1,0
BRDA:364,15,0,0
BRDA:364,15,1,0
BRDA:380,16,0,0
BRDA:380,16,1,0
BRDA:397,17,0,0
BRDA:397,17,1,0
BRDA:405,18,0,0
BRDA:405,18,1,0
BRDA:405,19,0,0
BRDA:405,19,1,0
BRDA:417,20,0,0
BRDA:417,20,1,0
BRDA:429,21,0,0
BRDA:429,21,1,0
BRDA:448,22,0,0
BRDA:448,22,1,0
BRDA:464,23,0,0
BRDA:464,23,1,0
BRDA:475,24,0,0
BRDA:475,24,1,0
BRDA:495,25,0,0
BRDA:495,25,1,0
BRF:45
BRH:0
end_of_record
TN:
SF:backend/routes/health.js
FN:17,(anonymous_0)
FN:31,(anonymous_1)
FN:128,(anonymous_2)
FN:151,(anonymous_3)
FN:168,(anonymous_4)
FN:189,(anonymous_5)
FN:229,(anonymous_6)
FN:252,(anonymous_7)
FN:308,(anonymous_8)
FN:363,formatUptime
FNF:10
FNH:0
FNDA:0,(anonymous_0)
FNDA:0,(anonymous_1)
FNDA:0,(anonymous_2)
FNDA:0,(anonymous_3)
FNDA:0,(anonymous_4)
FNDA:0,(anonymous_5)
FNDA:0,(anonymous_6)
FNDA:0,(anonymous_7)
FNDA:0,(anonymous_8)
FNDA:0,formatUptime
DA:10,0
DA:17,0
DA:18,0
DA:20,0
DA:31,0
DA:32,0
DA:35,0
DA:36,0
DA:37,0
DA:39,0
DA:40,0
DA:41,0
DA:42,0
DA:43,0
DA:44,0
DA:46,0
DA:47,0
DA:54,0
DA:55,0
DA:64,0
DA:67,0
DA:68,0
DA:70,0
DA:71,0
DA:72,0
DA:75,0
DA:76,0
DA:77,0
DA:80,0
DA:81,0
DA:82,0
DA:85,0
DA:87,0
DA:118,0
DA:120,0
DA:128,0
DA:129,0
DA:136,0
DA:137,0
DA:138,0
DA:144,0
DA:145,0
DA:146,0
DA:149,0
DA:151,0
DA:152,0
DA:153,0
DA:155,0
DA:168,0
DA:170,0
DA:171,0
DA:173,0
DA:189,0
DA:190,0
DA:191,0
DA:193,0
DA:194,0
DA:195,0
DA:200,0
DA:226,0
DA:227,0
DA:229,0
DA:230,0
DA:231,0
DA:235,0
DA:236,0
DA:239,0
DA:252,0
DA:253,0
DA:255,0
DA:257,0
DA:260,0
DA:263,0
DA:264,0
DA:265,0
DA:267,0
DA:269,0
DA:278,0
DA:281,0
DA:287,0
DA:294,0
DA:308,0
DA:309,0
DA:357,0
DA:364,0
DA:365,0
DA:366,0
DA:367,0
DA:369,0
DA:370,0
DA:371,0
DA:372,0
DA:373,0
DA:375,0
LF:94
LH:0
BRDA:70,0,0,0
BRDA:70,0,1,0
BRDA:75,1,0,0
BRDA:75,1,1,0
BRDA:80,2,0,0
BRDA:80,2,1,0
BRDA:89,3,0,0
BRDA:89,3,1,0
BRDA:90,4,0,0
BRDA:90,4,1,0
BRDA:97,5,0,0
BRDA:97,5,1,0
BRDA:115,6,0,0
BRDA:115,6,1,0
BRDA:118,7,0,0
BRDA:118,7,1,0
BRDA:152,8,0,0
BRDA:152,8,1,0
BRDA:153,9,0,0
BRDA:153,9,1,0
BRDA:211,10,0,0
BRDA:211,10,1,0
BRDA:212,11,0,0
BRDA:212,11,1,0
BRDA:213,12,0,0
BRDA:213,12,1,0
BRDA:226,13,0,0
BRDA:226,13,1,0
BRDA:226,14,0,0
BRDA:226,14,1,0
BRDA:230,15,0,0
BRDA:230,15,1,0
BRDA:274,16,0,0
BRDA:274,16,1,0
BRDA:275,17,0,0
BRDA:275,17,1,0
BRDA:290,18,0,0
BRDA:290,18,1,0
BRDA:291,19,0,0
BRDA:291,19,1,0
BRDA:312,20,0,0
BRDA:312,20,1,0
BRDA:313,21,0,0
BRDA:313,21,1,0
BRDA:344,22,0,0
BRDA:344,22,1,0
BRDA:346,23,0,0
BRDA:346,23,1,0
BRDA:347,24,0,0
BRDA:347,24,1,0
BRDA:348,25,0,0
BRDA:348,25,1,0
BRDA:351,26,0,0
BRDA:351,26,1,0
BRDA:352,27,0,0
BRDA:352,27,1,0
BRDA:370,28,0,0
BRDA:370,28,1,0
BRDA:371,29,0,0
BRDA:371,29,1,0
BRDA:372,30,0,0
BRDA:372,30,1,0
BRF:62
BRH:0
end_of_record
TN:
SF:backend/routes/historical-data.js
FNF:0
FNH:0
DA:10,0
DA:13,0
DA:17,0
DA:23,0
DA:29,0
DA:36,0
DA:43,0
DA:49,0
DA:56,0
DA:62,0
DA:68,0
DA:74,0
DA:81,0
DA:87,0
DA:93,0
DA:99,0
DA:106,0
DA:112,0
DA:118,0
DA:125,0
DA:131,0
LF:21
LH:0
BRF:0
BRH:0
end_of_record
TN:
SF:backend/routes/index.js
FN:21,(anonymous_0)
FN:43,(anonymous_1)
FN:72,(anonymous_2)
FN:112,(anonymous_3)
FN:153,(anonymous_4)
FNF:5
FNH:0
FNDA:0,(anonymous_0)
FNDA:0,(anonymous_1)
FNDA:0,(anonymous_2)
FNDA:0,(anonymous_3)
FNDA:0,(anonymous_4)
DA:18,0
DA:21,0
DA:22,0
DA:39,0
DA:43,0
DA:44,0
DA:45,0
DA:47,0
DA:62,0
DA:72,0
DA:73,0
DA:74,0
DA:76,0
DA:102,0
DA:112,0
DA:113,0
DA:114,0
DA:116,0
DA:117,0
DA:123,0
DA:131,0
DA:141,0
DA:142,0
DA:143,0
DA:144,0
DA:145,0
DA:146,0
DA:147,0
DA:148,0
DA:149,0
DA:150,0
DA:153,0
DA:154,0
DA:183,0
DA:184,0
DA:185,0
DA:186,0
DA:187,0
DA:188,0
DA:189,0
DA:190,0
DA:191,0
DA:192,0
DA:193,0
DA:194,0
LF:45
LH:0
BRDA:50,0,0,0
BRDA:50,0,1,0
BRDA:66,1,0,0
BRDA:66,1,1,0
BRDA:67,2,0,0
BRDA:67,2,1,0
BRDA:81,3,0,0
BRDA:81,3,1,0
BRDA:105,4,0,0
BRDA:105,4,1,0
BRDA:106,5,0,0
BRDA:106,5,1,0
BRDA:116,6,0,0
BRDA:116,6,1,0
BRDA:120,7,0,0
BRDA:120,7,1,0
BRDA:127,8,0,0
BRDA:127,8,1,0
BRDA:135,9,0,0
BRDA:135,9,1,0
BRF:20
BRH:0
end_of_record
TN:
SF:backend/routes/inspections.js
FN:16,(anonymous_0)
FN:56,(anonymous_1)
FN:93,(anonymous_2)
FN:126,(anonymous_3)
FN:144,(anonymous_4)
FN:168,(anonymous_5)
FN:194,(anonymous_6)
FNF:7
FNH:0
FNDA:0,(anonymous_0)
FNDA:0,(anonymous_1)
FNDA:0,(anonymous_2)
FNDA:0,(anonymous_3)
FNDA:0,(anonymous_4)
FNDA:0,(anonymous_5)
FNDA:0,(anonymous_6)
DA:8,0
DA:16,0
DA:18,0
DA:56,0
DA:58,0
DA:93,0
DA:95,0
DA:126,0
DA:128,0
DA:144,0
DA:146,0
DA:168,0
DA:170,0
DA:194,0
DA:196,0
LF:15
LH:0
BRF:0
BRH:0
end_of_record
TN:
SF:backend/routes/manufacturing-orders.js
FNF:0
FNH:0
DA:9,0
DA:12,0
DA:16,0
DA:23,0
DA:30,0
DA:37,0
DA:44,0
DA:51,0
DA:58,0
LF:9
LH:0
BRF:0
BRH:0
end_of_record
TN:
SF:backend/routes/manufacturingOrders.js
FNF:0
FNH:0
DA:10,0
DA:13,0
DA:21,0
DA:32,0
DA:43,0
DA:55,0
DA:66,0
DA:77,0
DA:88,0
LF:9
LH:0
BRF:0
BRH:0
end_of_record
TN:
SF:backend/routes/mo-closure.js
FNF:0
FNH:0
DA:10,0
DA:13,0
DA:25,0
DA:41,0
DA:53,0
DA:68,0
DA:82,0
DA:93,0
DA:108,0
LF:9
LH:0
BRF:0
BRH:0
end_of_record
TN:
SF:backend/routes/mo-progress.js
FNF:0
FNH:0
DA:10,0
DA:13,0
DA:25,0
DA:36,0
DA:47,0
DA:57,0
DA:68,0
DA:84,0
DA:96,0
DA:107,0
DA:117,0
DA:129,0
DA:141,0
LF:13
LH:0
BRF:0
BRH:0
end_of_record
TN:
SF:backend/routes/pallets.js
FN:16,(anonymous_0)
FN:48,(anonymous_1)
FN:81,(anonymous_2)
FN:113,(anonymous_3)
FN:136,(anonymous_4)
FN:155,(anonymous_5)
FN:173,(anonymous_6)
FN:191,(anonymous_7)
FNF:8
FNH:0
FNDA:0,(anonymous_0)
FNDA:0,(anonymous_1)
FNDA:0,(anonymous_2)
FNDA:0,(anonymous_3)
FNDA:0,(anonymous_4)
FNDA:0,(anonymous_5)
FNDA:0,(anonymous_6)
FNDA:0,(anonymous_7)
DA:8,0
DA:16,0
DA:18,0
DA:48,0
DA:50,0
DA:81,0
DA:83,0
DA:113,0
DA:115,0
DA:136,0
DA:138,0
DA:155,0
DA:157,0
DA:173,0
DA:175,0
DA:191,0
DA:193,0
LF:17
LH:0
BRF:0
BRH:0
end_of_record
TN:
SF:backend/routes/panels.js
FN:19,(anonymous_0)
FN:53,(anonymous_1)
FN:87,(anonymous_2)
FN:136,(anonymous_3)
FN:153,(anonymous_4)
FN:171,(anonymous_5)
FN:188,(anonymous_6)
FN:230,(anonymous_7)
FN:273,(anonymous_8)
FNF:9
FNH:0
FNDA:0,(anonymous_0)
FNDA:0,(anonymous_1)
FNDA:0,(anonymous_2)
FNDA:0,(anonymous_3)
FNDA:0,(anonymous_4)
FNDA:0,(anonymous_5)
FNDA:0,(anonymous_6)
FNDA:0,(anonymous_7)
FNDA:0,(anonymous_8)
DA:11,0
DA:19,0
DA:21,0
DA:53,0
DA:54,0
DA:56,0
DA:57,0
DA:59,0
DA:60,0
DA:66,0
DA:69,0
DA:70,0
DA:76,0
DA:87,0
DA:88,0
DA:90,0
DA:91,0
DA:97,0
DA:99,0
DA:107,0
DA:113,0
DA:116,0
DA:117,0
DA:118,0
DA:124,0
DA:136,0
DA:138,0
DA:153,0
DA:155,0
DA:171,0
DA:173,0
DA:188,0
DA:189,0
DA:191,0
DA:192,0
DA:198,0
DA:199,0
DA:207,0
DA:209,0
DA:212,0
DA:213,0
DA:219,0
DA:230,0
DA:231,0
DA:233,0
DA:234,0
DA:240,0
DA:241,0
DA:243,0
DA:249,0
DA:250,0
DA:255,0
DA:256,0
DA:262,0
DA:273,0
DA:274,0
DA:276,0
DA:277,0
DA:279,0
DA:280,0
DA:283,0
DA:284,0
DA:290,0
DA:292,0
DA:295,0
DA:296,0
DA:302,0
LF:67
LH:0
BRDA:59,0,0,0
BRDA:59,0,1,0
BRDA:69,1,0,0
BRDA:69,1,1,0
BRDA:88,2,0,0
BRDA:88,3,0,0
BRDA:90,4,0,0
BRDA:90,4,1,0
BRDA:116,5,0,0
BRDA:116,5,1,0
BRDA:116,6,0,0
BRDA:116,6,1,0
BRDA:117,7,0,0
BRDA:117,7,1,0
BRDA:189,8,0,0
BRDA:191,9,0,0
BRDA:191,9,1,0
BRDA:212,10,0,0
BRDA:212,10,1,0
BRDA:233,11,0,0
BRDA:233,11,1,0
BRDA:249,12,0,0
BRDA:249,12,1,0
BRDA:249,13,0,0
BRDA:249,13,1,0
BRDA:255,14,0,0
BRDA:255,14,1,0
BRDA:279,15,0,0
BRDA:279,15,1,0
BRDA:283,16,0,0
BRDA:283,16,1,0
BRDA:283,17,0,0
BRDA:283,17,1,0
BRDA:295,18,0,0
BRDA:295,18,1,0
BRF:35
BRH:0
end_of_record
TN:
SF:backend/routes/performance.js
FN:22,(anonymous_0)
FN:41,(anonymous_1)
FN:69,(anonymous_2)
FN:88,(anonymous_3)
FN:119,(anonymous_4)
FN:143,(anonymous_5)
FN:171,(anonymous_6)
FN:209,(anonymous_7)
FN:239,(anonymous_8)
FN:261,(anonymous_9)
FN:286,(anonymous_10)
FN:295,(anonymous_11)
FN:316,(anonymous_12)
FN:321,(anonymous_13)
FNF:14
FNH:0
FNDA:0,(anonymous_0)
FNDA:0,(anonymous_1)
FNDA:0,(anonymous_2)
FNDA:0,(anonymous_3)
FNDA:0,(anonymous_4)
FNDA:0,(anonymous_5)
FNDA:0,(anonymous_6)
FNDA:0,(anonymous_7)
FNDA:0,(anonymous_8)
FNDA:0,(anonymous_9)
FNDA:0,(anonymous_10)
FNDA:0,(anonymous_11)
FNDA:0,(anonymous_12)
FNDA:0,(anonymous_13)
DA:16,0
DA:22,0
DA:23,0
DA:24,0
DA:26,0
DA:29,0
DA:41,0
DA:42,0
DA:43,0
DA:44,0
DA:46,0
DA:52,0
DA:54,0
DA:57,0
DA:69,0
DA:70,0
DA:71,0
DA:73,0
DA:76,0
DA:88,0
DA:89,0
DA:90,0
DA:92,0
DA:93,0
DA:94,0
DA:99,0
DA:100,0
DA:107,0
DA:119,0
DA:120,0
DA:121,0
DA:123,0
DA:125,0
DA:131,0
DA:143,0
DA:144,0
DA:149,0
DA:152,0
DA:153,0
DA:154,0
DA:155,0
DA:156,0
DA:157,0
DA:161,0
DA:164,0
DA:169,0
DA:170,0
DA:171,0
DA:174,0
DA:185,0
DA:186,0
DA:190,0
DA:197,0
DA:209,0
DA:210,0
DA:211,0
DA:212,0
DA:214,0
DA:224,0
DA:227,0
DA:239,0
DA:240,0
DA:241,0
DA:243,0
DA:249,0
DA:261,0
DA:262,0
DA:263,0
DA:265,0
DA:274,0
DA:286,0
DA:288,0
DA:295,0
DA:296,0
DA:297,0
DA:298,0
DA:303,0
DA:305,0
DA:310,0
DA:313,0
DA:316,0
DA:317,0
DA:318,0
DA:321,0
DA:322,0
DA:323,0
LF:86
LH:0
BRDA:49,0,0,0
BRDA:49,0,1,0
BRDA:49,1,0,0
BRDA:49,1,1,0
BRDA:52,2,0,0
BRDA:52,2,1,0
BRDA:92,3,0,0
BRDA:92,3,1,0
BRDA:92,4,0,0
BRDA:92,4,1,0
BRDA:146,5,0,0
BRDA:147,6,0,0
BRDA:148,7,0,0
BRDA:171,8,0,0
BRDA:171,8,1,0
BRDA:175,9,0,0
BRDA:175,9,1,0
BRDA:185,10,0,0
BRDA:185,10,1,0
BRDA:186,11,0,0
BRDA:186,11,1,0
BRF:21
BRH:0
end_of_record
TN:
SF:backend/routes/performanceMonitoring.js
FN:131,(anonymous_0)
FN:189,(anonymous_1)
FN:239,(anonymous_2)
FN:292,(anonymous_3)
FN:299,(anonymous_4)
FN:300,(anonymous_5)
FNF:6
FNH:0
FNDA:0,(anonymous_0)
FNDA:0,(anonymous_1)
FNDA:0,(anonymous_2)
FNDA:0,(anonymous_3)
FNDA:0,(anonymous_4)
FNDA:0,(anonymous_5)
DA:14,0
DA:17,0
DA:25,0
DA:41,0
DA:59,0
DA:74,0
DA:90,0
DA:104,0
DA:118,0
DA:131,0
DA:132,0
DA:134,0
DA:135,0
DA:137,0
DA:143,0
DA:144,0
DA:145,0
DA:146,0
DA:147,0
DA:150,0
DA:172,0
DA:189,0
DA:190,0
DA:239,0
DA:240,0
DA:241,0
DA:247,0
DA:248,0
DA:251,0
DA:252,0
DA:253,0
DA:255,0
DA:279,0
DA:292,0
DA:293,0
DA:294,0
DA:296,0
DA:297,0
DA:299,0
DA:300,0
DA:302,0
DA:303,0
DA:304,0
DA:305,0
DA:306,0
DA:309,0
DA:327,0
LF:47
LH:0
BRDA:144,0,0,0
BRDA:144,0,1,0
BRDA:146,1,0,0
BRDA:146,1,1,0
BRDA:158,2,0,0
BRDA:158,2,1,0
BRDA:159,3,0,0
BRDA:159,3,1,0
BRDA:240,4,0,0
BRDA:240,4,1,0
BRDA:261,5,0,0
BRDA:261,5,1,0
BRDA:265,6,0,0
BRDA:265,6,1,0
BRDA:269,7,0,0
BRDA:269,7,1,0
BRDA:269,8,0,0
BRDA:269,8,1,0
BRDA:303,9,0,0
BRDA:303,9,1,0
BRDA:305,10,0,0
BRDA:305,10,1,0
BRDA:318,11,0,0
BRDA:318,11,1,0
BRDA:319,12,0,0
BRDA:319,12,1,0
BRF:26
BRH:0
end_of_record
TN:
SF:backend/routes/securityEvents.js
FN:18,(anonymous_0)
FN:30,(anonymous_1)
FN:64,(anonymous_2)
FN:94,(anonymous_3)
FN:121,(anonymous_4)
FN:144,(anonymous_5)
FN:167,(anonymous_6)
FN:232,(anonymous_7)
FN:270,(anonymous_8)
FN:309,(anonymous_9)
FN:346,(anonymous_10)
FN:363,(anonymous_11)
FN:374,(anonymous_12)
FN:379,(anonymous_13)
FN:386,(anonymous_14)
FN:395,(anonymous_15)
FNF:16
FNH:0
FNDA:0,(anonymous_0)
FNDA:0,(anonymous_1)
FNDA:0,(anonymous_2)
FNDA:0,(anonymous_3)
FNDA:0,(anonymous_4)
FNDA:0,(anonymous_5)
FNDA:0,(anonymous_6)
FNDA:0,(anonymous_7)
FNDA:0,(anonymous_8)
FNDA:0,(anonymous_9)
FNDA:0,(anonymous_10)
FNDA:0,(anonymous_11)
FNDA:0,(anonymous_12)
FNDA:0,(anonymous_13)
FNDA:0,(anonymous_14)
FNDA:0,(anonymous_15)
DA:11,0
DA:14,0
DA:15,0
DA:18,0
DA:19,0
DA:20,0
DA:22,0
DA:30,0
DA:31,0
DA:32,0
DA:34,0
DA:35,0
DA:36,0
DA:37,0
DA:39,0
DA:41,0
DA:51,0
DA:52,0
DA:64,0
DA:65,0
DA:66,0
DA:67,0
DA:69,0
DA:70,0
DA:76,0
DA:81,0
DA:82,0
DA:94,0
DA:95,0
DA:96,0
DA:97,0
DA:99,0
DA:101,0
DA:108,0
DA:109,0
DA:121,0
DA:122,0
DA:123,0
DA:125,0
DA:131,0
DA:132,0
DA:144,0
DA:145,0
DA:146,0
DA:148,0
DA:154,0
DA:155,0
DA:167,0
DA:168,0
DA:169,0
DA:172,0
DA:173,0
DA:180,0
DA:181,0
DA:188,0
DA:189,0
DA:196,0
DA:197,0
DA:204,0
DA:213,0
DA:219,0
DA:220,0
DA:232,0
DA:233,0
DA:234,0
DA:236,0
DA:237,0
DA:243,0
DA:251,0
DA:257,0
DA:258,0
DA:270,0
DA:271,0
DA:272,0
DA:274,0
DA:275,0
DA:281,0
DA:290,0
DA:296,0
DA:297,0
DA:309,0
DA:310,0
DA:311,0
DA:313,0
DA:314,0
DA:320,0
DA:327,0
DA:333,0
DA:334,0
DA:346,0
DA:347,0
DA:356,0
DA:363,0
DA:364,0
DA:371,0
DA:374,0
DA:375,0
DA:379,0
DA:380,0
DA:386,0
DA:387,0
DA:395,0
DA:396,0
DA:397,0
DA:402,0
DA:404,0
DA:411,0
DA:414,0
DA:422,0
DA:425,0
DA:431,0
DA:434,0
DA:444,0
DA:450,0
DA:451,0
LF:115
LH:0
BRDA:32,0,0,0
BRDA:32,1,0,0
BRDA:35,2,0,0
BRDA:35,2,1,0
BRDA:36,3,0,0
BRDA:36,3,1,0
BRDA:37,4,0,0
BRDA:37,4,1,0
BRDA:69,5,0,0
BRDA:69,5,1,0
BRDA:97,6,0,0
BRDA:169,7,0,0
BRDA:169,8,0,0
BRDA:172,9,0,0
BRDA:172,9,1,0
BRDA:172,10,0,0
BRDA:172,10,1,0
BRDA:172,10,2,0
BRDA:172,10,3,0
BRDA:180,11,0,0
BRDA:180,11,1,0
BRDA:188,12,0,0
BRDA:188,12,1,0
BRDA:196,13,0,0
BRDA:196,13,1,0
BRDA:234,14,0,0
BRDA:234,15,0,0
BRDA:236,16,0,0
BRDA:236,16,1,0
BRDA:236,17,0,0
BRDA:236,17,1,0
BRDA:236,17,2,0
BRDA:272,18,0,0
BRDA:272,19,0,0
BRDA:274,20,0,0
BRDA:274,20,1,0
BRDA:274,21,0,0
BRDA:274,21,1,0
BRDA:274,21,2,0
BRDA:274,21,3,0
BRDA:311,22,0,0
BRDA:311,23,0,0
BRDA:313,24,0,0
BRDA:313,24,1,0
BRDA:313,25,0,0
BRDA:313,25,1,0
BRDA:397,26,0,0
BRDA:402,27,0,0
BRDA:402,27,1,0
BRDA:402,27,2,0
BRDA:402,27,3,0
BRF:51
BRH:0
end_of_record
TN:
SF:backend/routes/simple.js
FN:7,(anonymous_0)
FN:12,(anonymous_1)
FNF:2
FNH:0
FNDA:0,(anonymous_0)
FNDA:0,(anonymous_1)
DA:4,0
DA:7,0
DA:8,0
DA:12,0
DA:13,0
LF:5
LH:0
BRF:0
BRH:0
end_of_record
TN:
SF:backend/routes/stations.js
FN:16,(anonymous_0)
FN:51,(anonymous_1)
FN:69,(anonymous_2)
FN:101,(anonymous_3)
FN:127,(anonymous_4)
FN:145,(anonymous_5)
FNF:6
FNH:0
FNDA:0,(anonymous_0)
FNDA:0,(anonymous_1)
FNDA:0,(anonymous_2)
FNDA:0,(anonymous_3)
FNDA:0,(anonymous_4)
FNDA:0,(anonymous_5)
DA:8,0
DA:16,0
DA:18,0
DA:51,0
DA:53,0
DA:69,0
DA:71,0
DA:101,0
DA:103,0
DA:127,0
DA:129,0
DA:145,0
DA:147,0
LF:13
LH:0
BRF:0
BRH:0
end_of_record
TN:
SF:backend/routes/userExperience.js
FN:150,(anonymous_0)
FN:215,(anonymous_1)
FN:257,(anonymous_2)
FN:317,(anonymous_3)
FNF:4
FNH:0
FNDA:0,(anonymous_0)
FNDA:0,(anonymous_1)
FNDA:0,(anonymous_2)
FNDA:0,(anonymous_3)
DA:14,0
DA:17,0
DA:18,0
DA:26,0
DA:37,0
DA:48,0
DA:59,0
DA:70,0
DA:81,0
DA:95,0
DA:109,0
DA:123,0
DA:137,0
DA:150,0
DA:151,0
DA:215,0
DA:216,0
DA:217,0
DA:218,0
DA:220,0
DA:238,0
DA:257,0
DA:258,0
DA:259,0
DA:265,0
DA:266,0
DA:269,0
DA:271,0
DA:304,0
DA:317,0
DA:318,0
LF:31
LH:0
BRDA:229,0,0,0
BRDA:229,0,1,0
BRDA:258,1,0,0
BRDA:258,1,1,0
BRDA:277,2,0,0
BRDA:277,2,1,0
BRF:6
BRH:0
end_of_record
TN:
SF:backend/routes/workflow.js
FNF:0
FNH:0
DA:26,0
DA:34,0
DA:42,0
DA:50,0
DA:57,0
DA:65,0
DA:74,0
DA:83,0
DA:92,0
DA:101,0
LF:10
LH:0
BRF:0
BRH:0
end_of_record
TN:
SF:backend/services/anomalyDetectionService.js
FN:18,(anonymous_0)
FN:97,(anonymous_1)
FN:203,(anonymous_2)
FN:304,(anonymous_3)
FN:393,(anonymous_4)
FN:457,(anonymous_5)
FN:540,(anonymous_6)
FN:595,(anonymous_7)
FN:659,(anonymous_8)
FN:674,(anonymous_9)
FN:695,(anonymous_10)
FN:717,(anonymous_11)
FN:742,(anonymous_12)
FN:772,(anonymous_13)
FN:784,(anonymous_14)
FN:791,(anonymous_15)
FN:879,(anonymous_16)
FN:913,(anonymous_17)
FNF:18
FNH:0
FNDA:0,(anonymous_0)
FNDA:0,(anonymous_1)
FNDA:0,(anonymous_2)
FNDA:0,(anonymous_3)
FNDA:0,(anonymous_4)
FNDA:0,(anonymous_5)
FNDA:0,(anonymous_6)
FNDA:0,(anonymous_7)
FNDA:0,(anonymous_8)
FNDA:0,(anonymous_9)
FNDA:0,(anonymous_10)
FNDA:0,(anonymous_11)
FNDA:0,(anonymous_12)
FNDA:0,(anonymous_13)
FNDA:0,(anonymous_14)
FNDA:0,(anonymous_15)
FNDA:0,(anonymous_16)
FNDA:0,(anonymous_17)
DA:19,0
DA:30,0
DA:37,0
DA:46,0
DA:78,0
DA:86,0
DA:98,0
DA:109,0
DA:111,0
DA:112,0
DA:115,0
DA:116,0
DA:117,0
DA:118,0
DA:122,0
DA:123,0
DA:124,0
DA:125,0
DA:129,0
DA:130,0
DA:131,0
DA:132,0
DA:136,0
DA:137,0
DA:138,0
DA:139,0
DA:143,0
DA:144,0
DA:145,0
DA:146,0
DA:150,0
DA:151,0
DA:152,0
DA:153,0
DA:157,0
DA:160,0
DA:173,0
DA:176,0
DA:177,0
DA:180,0
DA:183,0
DA:189,0
DA:204,0
DA:205,0
DA:206,0
DA:207,0
DA:210,0
DA:211,0
DA:214,0
DA:215,0
DA:218,0
DA:219,0
DA:221,0
DA:222,0
DA:225,0
DA:226,0
DA:233,0
DA:234,0
DA:235,0
DA:242,0
DA:246,0
DA:247,0
DA:248,0
DA:255,0
DA:257,0
DA:262,0
DA:263,0
DA:264,0
DA:271,0
DA:273,0
DA:278,0
DA:279,0
DA:280,0
DA:281,0
DA:283,0
DA:284,0
DA:285,0
DA:288,0
DA:291,0
DA:297,0
DA:305,0
DA:306,0
DA:307,0
DA:310,0
DA:311,0
DA:314,0
DA:316,0
DA:318,0
DA:323,0
DA:326,0
DA:327,0
DA:328,0
DA:329,0
DA:332,0
DA:337,0
DA:338,0
DA:341,0
DA:342,0
DA:355,0
DA:356,0
DA:372,0
DA:378,0
DA:381,0
DA:386,0
DA:394,0
DA:395,0
DA:396,0
DA:399,0
DA:400,0
DA:403,0
DA:405,0
DA:407,0
DA:409,0
DA:410,0
DA:422,0
DA:423,0
DA:438,0
DA:439,0
DA:442,0
DA:445,0
DA:450,0
DA:458,0
DA:459,0
DA:460,0
DA:461,0
DA:462,0
DA:465,0
DA:466,0
DA:468,0
DA:470,0
DA:478,0
DA:479,0
DA:482,0
DA:485,0
DA:486,0
DA:487,0
DA:488,0
DA:489,0
DA:492,0
DA:495,0
DA:496,0
DA:498,0
DA:499,0
DA:509,0
DA:510,0
DA:511,0
DA:512,0
DA:523,0
DA:525,0
DA:528,0
DA:533,0
DA:541,0
DA:543,0
DA:544,0
DA:558,0
DA:563,0
DA:564,0
DA:565,0
DA:566,0
DA:580,0
DA:583,0
DA:588,0
DA:596,0
DA:597,0
DA:598,0
DA:599,0
DA:602,0
DA:603,0
DA:617,0
DA:618,0
DA:620,0
DA:621,0
DA:622,0
DA:624,0
DA:625,0
DA:640,0
DA:641,0
DA:642,0
DA:644,0
DA:647,0
DA:652,0
DA:660,0
DA:661,0
DA:662,0
DA:663,0
DA:664,0
DA:665,0
DA:667,0
DA:675,0
DA:677,0
DA:678,0
DA:679,0
DA:680,0
DA:681,0
DA:682,0
DA:683,0
DA:684,0
DA:685,0
DA:686,0
DA:687,0
DA:688,0
DA:689,0
DA:690,0
DA:691,0
DA:695,0
DA:697,0
DA:698,0
DA:701,0
DA:702,0
DA:703,0
DA:706,0
DA:707,0
DA:708,0
DA:711,0
DA:718,0
DA:719,0
DA:720,0
DA:722,0
DA:725,0
DA:726,0
DA:727,0
DA:728,0
DA:731,0
DA:743,0
DA:744,0
DA:761,0
DA:773,0
DA:774,0
DA:775,0
DA:777,0
DA:780,0
DA:781,0
DA:785,0
DA:792,0
DA:793,0
DA:794,0
DA:797,0
DA:799,0
DA:800,0
DA:802,0
DA:803,0
DA:805,0
DA:806,0
DA:808,0
DA:812,0
DA:813,0
DA:815,0
DA:825,0
DA:826,0
DA:828,0
DA:829,0
DA:830,0
DA:831,0
DA:832,0
DA:833,0
DA:835,0
DA:836,0
DA:837,0
DA:840,0
DA:844,0
DA:845,0
DA:850,0
DA:856,0
DA:860,0
DA:861,0
DA:864,0
DA:867,0
DA:872,0
DA:880,0
DA:881,0
DA:882,0
DA:884,0
DA:885,0
DA:887,0
DA:888,0
DA:889,0
DA:890,0
DA:891,0
DA:894,0
DA:898,0
DA:901,0
DA:906,0
DA:914,0
DA:918,0
DA:919,0
DA:921,0
DA:929,0
DA:931,0
DA:933,0
DA:939,0
DA:948,0
LF:291
LH:0
BRDA:116,0,0,0
BRDA:116,0,1,0
BRDA:123,1,0,0
BRDA:123,1,1,0
BRDA:130,2,0,0
BRDA:130,2,1,0
BRDA:137,3,0,0
BRDA:137,3,1,0
BRDA:144,4,0,0
BRDA:144,4,1,0
BRDA:151,5,0,0
BRDA:151,5,1,0
BRDA:176,6,0,0
BRDA:176,6,1,0
BRDA:225,7,0,0
BRDA:225,7,1,0
BRDA:234,8,0,0
BRDA:234,8,1,0
BRDA:246,9,0,0
BRDA:246,9,1,0
BRDA:247,10,0,0
BRDA:247,10,1,0
BRDA:262,11,0,0
BRDA:262,11,1,0
BRDA:263,12,0,0
BRDA:263,12,1,0
BRDA:283,13,0,0
BRDA:283,13,1,0
BRDA:306,14,0,0
BRDA:306,14,1,0
BRDA:306,15,0,0
BRDA:306,15,1,0
BRDA:316,16,0,0
BRDA:316,16,1,0
BRDA:341,17,0,0
BRDA:341,17,1,0
BRDA:341,18,0,0
BRDA:341,18,1,0
BRDA:355,19,0,0
BRDA:355,19,1,0
BRDA:355,20,0,0
BRDA:355,20,1,0
BRDA:395,21,0,0
BRDA:395,21,1,0
BRDA:395,22,0,0
BRDA:395,22,1,0
BRDA:405,23,0,0
BRDA:405,23,1,0
BRDA:409,24,0,0
BRDA:409,24,1,0
BRDA:422,25,0,0
BRDA:422,25,1,0
BRDA:468,26,0,0
BRDA:468,26,1,0
BRDA:473,27,0,0
BRDA:473,27,1,0
BRDA:485,28,0,0
BRDA:485,28,1,0
BRDA:486,29,0,0
BRDA:486,29,1,0
BRDA:488,30,0,0
BRDA:488,30,1,0
BRDA:496,31,0,0
BRDA:496,31,1,0
BRDA:498,32,0,0
BRDA:498,32,1,0
BRDA:509,33,0,0
BRDA:509,33,1,0
BRDA:511,34,0,0
BRDA:511,34,1,0
BRDA:511,35,0,0
BRDA:511,35,1,0
BRDA:515,36,0,0
BRDA:515,36,1,0
BRDA:525,37,0,0
BRDA:525,37,1,0
BRDA:543,38,0,0
BRDA:543,38,1,0
BRDA:565,39,0,0
BRDA:565,39,1,0
BRDA:602,40,0,0
BRDA:602,40,1,0
BRDA:602,41,0,0
BRDA:602,41,1,0
BRDA:620,42,0,0
BRDA:620,42,1,0
BRDA:624,43,0,0
BRDA:624,43,1,0
BRDA:660,44,0,0
BRDA:660,44,1,0
BRDA:662,45,0,0
BRDA:662,45,1,0
BRDA:664,46,0,0
BRDA:664,46,1,0
BRDA:677,47,0,0
BRDA:677,47,1,0
BRDA:681,48,0,0
BRDA:681,48,1,0
BRDA:685,49,0,0
BRDA:685,49,1,0
BRDA:689,50,0,0
BRDA:689,50,1,0
BRDA:697,51,0,0
BRDA:697,51,1,0
BRDA:701,52,0,0
BRDA:701,52,1,0
BRDA:706,53,0,0
BRDA:706,53,1,0
BRDA:791,54,0,0
BRDA:797,55,0,0
BRDA:797,55,1,0
BRDA:797,55,2,0
BRDA:797,55,3,0
BRDA:831,56,0,0
BRDA:831,56,1,0
BRDA:835,57,0,0
BRDA:835,57,1,0
BRDA:841,58,0,0
BRDA:841,58,1,0
BRDA:846,59,0,0
BRDA:846,59,1,0
BRDA:851,60,0,0
BRDA:851,60,1,0
BRDA:860,61,0,0
BRDA:860,61,1,0
BRDA:879,62,0,0
BRDA:890,63,0,0
BRDA:890,63,1,0
BRF:128
BRH:0
end_of_record
TN:
SF:backend/services/authHealthService.js
FN:18,(anonymous_0)
FN:68,(anonymous_1)
FN:113,(anonymous_2)
FN:114,(anonymous_3)
FN:115,(anonymous_4)
FN:151,(anonymous_5)
FN:208,(anonymous_6)
FN:244,(anonymous_7)
FN:290,(anonymous_8)
FN:329,(anonymous_9)
FN:376,(anonymous_10)
FN:423,(anonymous_11)
FN:470,(anonymous_12)
FN:525,(anonymous_13)
FN:548,(anonymous_14)
FN:553,(anonymous_15)
FN:566,(anonymous_16)
FN:583,(anonymous_17)
FN:594,(anonymous_18)
FN:600,(anonymous_19)
FN:614,(anonymous_20)
FN:637,(anonymous_21)
FN:657,(anonymous_22)
FN:672,(anonymous_23)
FN:676,(anonymous_24)
FNF:25
FNH:0
FNDA:0,(anonymous_0)
FNDA:0,(anonymous_1)
FNDA:0,(anonymous_2)
FNDA:0,(anonymous_3)
FNDA:0,(anonymous_4)
FNDA:0,(anonymous_5)
FNDA:0,(anonymous_6)
FNDA:0,(anonymous_7)
FNDA:0,(anonymous_8)
FNDA:0,(anonymous_9)
FNDA:0,(anonymous_10)
FNDA:0,(anonymous_11)
FNDA:0,(anonymous_12)
FNDA:0,(anonymous_13)
FNDA:0,(anonymous_14)
FNDA:0,(anonymous_15)
FNDA:0,(anonymous_16)
FNDA:0,(anonymous_17)
FNDA:0,(anonymous_18)
FNDA:0,(anonymous_19)
FNDA:0,(anonymous_20)
FNDA:0,(anonymous_21)
FNDA:0,(anonymous_22)
FNDA:0,(anonymous_23)
FNDA:0,(anonymous_24)
DA:19,0
DA:26,0
DA:34,0
DA:53,0
DA:69,0
DA:70,0
DA:71,0
DA:72,0
DA:73,0
DA:74,0
DA:77,0
DA:78,0
DA:79,0
DA:80,0
DA:82,0
DA:83,0
DA:84,0
DA:85,0
DA:86,0
DA:87,0
DA:89,0
DA:90,0
DA:91,0
DA:92,0
DA:96,0
DA:102,0
DA:103,0
DA:107,0
DA:113,0
DA:114,0
DA:115,0
DA:124,0
DA:131,0
DA:134,0
DA:139,0
DA:152,0
DA:153,0
DA:154,0
DA:157,0
DA:158,0
DA:161,0
DA:162,0
DA:163,0
DA:164,0
DA:166,0
DA:167,0
DA:176,0
DA:177,0
DA:179,0
DA:180,0
DA:181,0
DA:182,0
DA:183,0
DA:186,0
DA:196,0
DA:209,0
DA:210,0
DA:213,0
DA:214,0
DA:216,0
DA:217,0
DA:218,0
DA:219,0
DA:220,0
DA:223,0
DA:232,0
DA:245,0
DA:246,0
DA:249,0
DA:250,0
DA:252,0
DA:253,0
DA:261,0
DA:262,0
DA:263,0
DA:264,0
DA:265,0
DA:268,0
DA:278,0
DA:291,0
DA:292,0
DA:295,0
DA:296,0
DA:299,0
DA:301,0
DA:302,0
DA:303,0
DA:304,0
DA:305,0
DA:308,0
DA:317,0
DA:330,0
DA:331,0
DA:334,0
DA:335,0
DA:337,0
DA:338,0
DA:346,0
DA:347,0
DA:348,0
DA:349,0
DA:350,0
DA:353,0
DA:364,0
DA:377,0
DA:378,0
DA:381,0
DA:382,0
DA:384,0
DA:385,0
DA:393,0
DA:394,0
DA:395,0
DA:396,0
DA:397,0
DA:400,0
DA:411,0
DA:424,0
DA:425,0
DA:428,0
DA:429,0
DA:431,0
DA:432,0
DA:440,0
DA:441,0
DA:442,0
DA:443,0
DA:444,0
DA:447,0
DA:458,0
DA:471,0
DA:472,0
DA:475,0
DA:476,0
DA:478,0
DA:479,0
DA:488,0
DA:489,0
DA:490,0
DA:492,0
DA:494,0
DA:495,0
DA:496,0
DA:497,0
DA:498,0
DA:501,0
DA:513,0
DA:526,0
DA:528,0
DA:529,0
DA:532,0
DA:533,0
DA:537,0
DA:538,0
DA:539,0
DA:540,0
DA:541,0
DA:542,0
DA:543,0
DA:548,0
DA:549,0
DA:552,0
DA:553,0
DA:556,0
DA:557,0
DA:560,0
DA:567,0
DA:568,0
DA:570,0
DA:571,0
DA:572,0
DA:573,0
DA:577,0
DA:584,0
DA:585,0
DA:588,0
DA:595,0
DA:596,0
DA:597,0
DA:599,0
DA:600,0
DA:603,0
DA:607,0
DA:615,0
DA:616,0
DA:617,0
DA:620,0
DA:621,0
DA:624,0
DA:627,0
DA:638,0
DA:639,0
DA:640,0
DA:643,0
DA:645,0
DA:646,0
DA:648,0
DA:649,0
DA:651,0
DA:652,0
DA:654,0
DA:657,0
DA:658,0
DA:661,0
DA:662,0
DA:671,0
DA:672,0
DA:673,0
DA:676,0
DA:677,0
DA:680,0
DA:681,0
DA:682,0
DA:685,0
DA:694,0
DA:698,0
DA:704,0
LF:217
LH:0
BRDA:68,0,0,0
BRDA:82,1,0,0
BRDA:82,1,1,0
BRDA:85,2,0,0
BRDA:85,2,1,0
BRDA:86,3,0,0
BRDA:86,3,1,0
BRDA:89,4,0,0
BRDA:89,4,1,0
BRDA:91,5,0,0
BRDA:91,5,1,0
BRDA:119,6,0,0
BRDA:119,6,1,0
BRDA:166,7,0,0
BRDA:166,7,1,0
BRDA:180,8,0,0
BRDA:180,8,1,0
BRDA:182,9,0,0
BRDA:182,9,1,0
BRDA:217,10,0,0
BRDA:217,10,1,0
BRDA:219,11,0,0
BRDA:219,11,1,0
BRDA:252,12,0,0
BRDA:252,12,1,0
BRDA:262,13,0,0
BRDA:262,13,1,0
BRDA:264,14,0,0
BRDA:264,14,1,0
BRDA:302,15,0,0
BRDA:302,15,1,0
BRDA:304,16,0,0
BRDA:304,16,1,0
BRDA:337,17,0,0
BRDA:337,17,1,0
BRDA:347,18,0,0
BRDA:347,18,1,0
BRDA:349,19,0,0
BRDA:349,19,1,0
BRDA:357,20,0,0
BRDA:357,20,1,0
BRDA:358,21,0,0
BRDA:358,21,1,0
BRDA:359,22,0,0
BRDA:359,22,1,0
BRDA:384,23,0,0
BRDA:384,23,1,0
BRDA:394,24,0,0
BRDA:394,24,1,0
BRDA:396,25,0,0
BRDA:396,25,1,0
BRDA:404,26,0,0
BRDA:404,26,1,0
BRDA:405,27,0,0
BRDA:405,27,1,0
BRDA:406,28,0,0
BRDA:406,28,1,0
BRDA:431,29,0,0
BRDA:431,29,1,0
BRDA:441,30,0,0
BRDA:441,30,1,0
BRDA:443,31,0,0
BRDA:443,31,1,0
BRDA:451,32,0,0
BRDA:451,32,1,0
BRDA:452,33,0,0
BRDA:452,33,1,0
BRDA:453,34,0,0
BRDA:453,34,1,0
BRDA:478,35,0,0
BRDA:478,35,1,0
BRDA:488,36,0,0
BRDA:488,36,1,0
BRDA:489,37,0,0
BRDA:489,37,1,0
BRDA:490,38,0,0
BRDA:490,38,1,0
BRDA:495,39,0,0
BRDA:495,39,1,0
BRDA:497,40,0,0
BRDA:497,40,1,0
BRDA:528,41,0,0
BRDA:528,41,1,0
BRDA:532,42,0,0
BRDA:532,42,1,0
BRDA:538,43,0,0
BRDA:538,43,1,0
BRDA:540,44,0,0
BRDA:540,44,1,0
BRDA:542,45,0,0
BRDA:542,45,1,0
BRDA:549,46,0,0
BRDA:549,46,1,0
BRDA:552,47,0,0
BRDA:552,47,1,0
BRDA:556,48,0,0
BRDA:556,48,1,0
BRDA:571,49,0,0
BRDA:571,49,1,0
BRDA:584,50,0,0
BRDA:584,50,1,0
BRDA:594,51,0,0
BRDA:637,52,0,0
BRDA:643,53,0,0
BRDA:643,53,1,0
BRDA:643,53,2,0
BRDA:643,53,3,0
BRDA:661,54,0,0
BRDA:661,54,1,0
BRDA:673,55,0,0
BRDA:673,55,1,0
BRDA:682,56,0,0
BRDA:682,56,1,0
BRF:113
BRH:0
end_of_record
TN:
SF:backend/services/authPerformanceMonitor.js
FN:14,(anonymous_0)
FN:46,(anonymous_1)
FN:83,(anonymous_2)
FN:135,(anonymous_3)
FN:186,(anonymous_4)
FN:232,(anonymous_5)
FN:273,(anonymous_6)
FN:314,(anonymous_7)
FN:349,(anonymous_8)
FN:379,(anonymous_9)
FN:415,(anonymous_10)
FN:445,(anonymous_11)
FN:479,(anonymous_12)
FN:511,(anonymous_13)
FN:539,(anonymous_14)
FN:580,(anonymous_15)
FN:596,(anonymous_16)
FN:647,(anonymous_17)
FN:654,(anonymous_18)
FN:683,(anonymous_19)
FN:709,(anonymous_20)
FN:712,(anonymous_21)
FN:715,(anonymous_22)
FN:741,(anonymous_23)
FN:747,(anonymous_24)
FN:748,(anonymous_25)
FN:760,(anonymous_26)
FN:793,(anonymous_27)
FN:821,(anonymous_28)
FNF:29
FNH:0
FNDA:0,(anonymous_0)
FNDA:0,(anonymous_1)
FNDA:0,(anonymous_2)
FNDA:0,(anonymous_3)
FNDA:0,(anonymous_4)
FNDA:0,(anonymous_5)
FNDA:0,(anonymous_6)
FNDA:0,(anonymous_7)
FNDA:0,(anonymous_8)
FNDA:0,(anonymous_9)
FNDA:0,(anonymous_10)
FNDA:0,(anonymous_11)
FNDA:0,(anonymous_12)
FNDA:0,(anonymous_13)
FNDA:0,(anonymous_14)
FNDA:0,(anonymous_15)
FNDA:0,(anonymous_16)
FNDA:0,(anonymous_17)
FNDA:0,(anonymous_18)
FNDA:0,(anonymous_19)
FNDA:0,(anonymous_20)
FNDA:0,(anonymous_21)
FNDA:0,(anonymous_22)
FNDA:0,(anonymous_23)
FNDA:0,(anonymous_24)
FNDA:0,(anonymous_25)
FNDA:0,(anonymous_26)
FNDA:0,(anonymous_27)
FNDA:0,(anonymous_28)
DA:15,0
DA:26,0
DA:34,0
DA:40,0
DA:47,0
DA:48,0
DA:50,0
DA:52,0
DA:55,0
DA:56,0
DA:65,0
DA:66,0
DA:68,0
DA:70,0
DA:76,0
DA:84,0
DA:85,0
DA:86,0
DA:89,0
DA:92,0
DA:95,0
DA:96,0
DA:97,0
DA:98,0
DA:99,0
DA:107,0
DA:112,0
DA:115,0
DA:124,0
DA:136,0
DA:137,0
DA:138,0
DA:141,0
DA:144,0
DA:147,0
DA:148,0
DA:149,0
DA:150,0
DA:151,0
DA:159,0
DA:164,0
DA:167,0
DA:176,0
DA:187,0
DA:189,0
DA:192,0
DA:195,0
DA:196,0
DA:205,0
DA:206,0
DA:209,0
DA:212,0
DA:221,0
DA:233,0
DA:234,0
DA:237,0
DA:240,0
DA:243,0
DA:244,0
DA:254,0
DA:255,0
DA:258,0
DA:261,0
DA:274,0
DA:276,0
DA:279,0
DA:280,0
DA:288,0
DA:289,0
DA:292,0
DA:295,0
DA:303,0
DA:315,0
DA:317,0
DA:320,0
DA:321,0
DA:330,0
DA:331,0
DA:334,0
DA:337,0
DA:350,0
DA:351,0
DA:352,0
DA:354,0
DA:361,0
DA:364,0
DA:367,0
DA:380,0
DA:381,0
DA:382,0
DA:385,0
DA:386,0
DA:387,0
DA:390,0
DA:391,0
DA:392,0
DA:393,0
DA:397,0
DA:400,0
DA:401,0
DA:404,0
DA:416,0
DA:417,0
DA:420,0
DA:421,0
DA:434,0
DA:446,0
DA:447,0
DA:448,0
DA:450,0
DA:451,0
DA:453,0
DA:454,0
DA:469,0
DA:480,0
DA:481,0
DA:482,0
DA:485,0
DA:486,0
DA:487,0
DA:488,0
DA:489,0
DA:490,0
DA:493,0
DA:500,0
DA:512,0
DA:513,0
DA:514,0
DA:528,0
DA:540,0
DA:541,0
DA:542,0
DA:544,0
DA:556,0
DA:559,0
DA:562,0
DA:568,0
DA:581,0
DA:582,0
DA:584,0
DA:585,0
DA:586,0
DA:587,0
DA:590,0
DA:597,0
DA:598,0
DA:601,0
DA:604,0
DA:605,0
DA:607,0
DA:608,0
DA:609,0
DA:611,0
DA:616,0
DA:623,0
DA:624,0
DA:627,0
DA:636,0
DA:640,0
DA:648,0
DA:649,0
DA:650,0
DA:653,0
DA:655,0
DA:656,0
DA:657,0
DA:661,0
DA:662,0
DA:663,0
DA:664,0
DA:665,0
DA:669,0
DA:672,0
DA:676,0
DA:684,0
DA:685,0
DA:686,0
DA:689,0
DA:690,0
DA:692,0
DA:693,0
DA:694,0
DA:695,0
DA:696,0
DA:698,0
DA:699,0
DA:705,0
DA:706,0
DA:708,0
DA:709,0
DA:711,0
DA:712,0
DA:713,0
DA:715,0
DA:723,0
DA:730,0
DA:734,0
DA:742,0
DA:744,0
DA:745,0
DA:747,0
DA:748,0
DA:750,0
DA:752,0
DA:753,0
DA:754,0
DA:761,0
DA:762,0
DA:763,0
DA:765,0
DA:766,0
DA:767,0
DA:768,0
DA:769,0
DA:770,0
DA:771,0
DA:772,0
DA:773,0
DA:778,0
DA:781,0
DA:786,0
DA:794,0
DA:795,0
DA:806,0
DA:811,0
DA:822,0
DA:823,0
DA:829,0
LF:228
LH:0
BRDA:48,0,0,0
BRDA:95,1,0,0
BRDA:95,1,1,0
BRDA:98,2,0,0
BRDA:98,2,1,0
BRDA:147,3,0,0
BRDA:147,3,1,0
BRDA:150,4,0,0
BRDA:150,4,1,0
BRDA:155,5,0,0
BRDA:155,5,1,0
BRDA:232,6,0,0
BRDA:234,7,0,0
BRDA:234,7,1,0
BRDA:386,8,0,0
BRDA:386,8,1,0
BRDA:392,9,0,0
BRDA:392,9,1,0
BRDA:417,10,0,0
BRDA:417,10,1,0
BRDA:420,11,0,0
BRDA:420,11,1,0
BRDA:450,12,0,0
BRDA:450,12,1,0
BRDA:453,13,0,0
BRDA:453,13,1,0
BRDA:485,14,0,0
BRDA:485,14,1,0
BRDA:485,15,0,0
BRDA:485,15,1,0
BRDA:488,16,0,0
BRDA:488,16,1,0
BRDA:488,17,0,0
BRDA:488,17,1,0
BRDA:513,18,0,0
BRDA:513,18,1,0
BRDA:559,19,0,0
BRDA:559,19,1,0
BRDA:560,20,0,0
BRDA:560,20,1,0
BRDA:584,21,0,0
BRDA:584,21,1,0
BRDA:586,22,0,0
BRDA:586,22,1,0
BRDA:617,23,0,0
BRDA:617,23,1,0
BRDA:618,24,0,0
BRDA:618,24,1,0
BRDA:624,25,0,0
BRDA:624,25,1,0
BRDA:647,26,0,0
BRDA:664,27,0,0
BRDA:664,27,1,0
BRDA:683,28,0,0
BRDA:694,29,0,0
BRDA:694,29,1,0
BRDA:698,30,0,0
BRDA:698,30,1,0
BRDA:711,31,0,0
BRDA:711,31,1,0
BRDA:742,32,0,0
BRDA:742,32,1,0
BRDA:752,33,0,0
BRDA:752,33,1,0
BRDA:753,34,0,0
BRDA:753,34,1,0
BRDA:767,35,0,0
BRDA:767,35,1,0
BRDA:769,36,0,0
BRDA:769,36,1,0
BRDA:822,37,0,0
BRDA:822,37,1,0
BRF:72
BRH:0
end_of_record
TN:
SF:backend/services/complianceAuditService.js
FN:17,(anonymous_0)
FN:58,(anonymous_1)
FN:139,(anonymous_2)
FN:185,(anonymous_3)
FN:192,(anonymous_4)
FN:226,(anonymous_5)
FN:262,(anonymous_6)
FN:300,(anonymous_7)
FN:341,(anonymous_8)
FN:376,(anonymous_9)
FN:418,(anonymous_10)
FN:461,(anonymous_11)
FN:491,(anonymous_12)
FN:505,(anonymous_13)
FN:511,(anonymous_14)
FN:544,(anonymous_15)
FN:567,(anonymous_16)
FN:666,(anonymous_17)
FN:714,(anonymous_18)
FN:790,(anonymous_19)
FN:793,(anonymous_20)
FN:796,(anonymous_21)
FN:814,(anonymous_22)
FN:840,(anonymous_23)
FN:868,(anonymous_24)
FNF:25
FNH:0
FNDA:0,(anonymous_0)
FNDA:0,(anonymous_1)
FNDA:0,(anonymous_2)
FNDA:0,(anonymous_3)
FNDA:0,(anonymous_4)
FNDA:0,(anonymous_5)
FNDA:0,(anonymous_6)
FNDA:0,(anonymous_7)
FNDA:0,(anonymous_8)
FNDA:0,(anonymous_9)
FNDA:0,(anonymous_10)
FNDA:0,(anonymous_11)
FNDA:0,(anonymous_12)
FNDA:0,(anonymous_13)
FNDA:0,(anonymous_14)
FNDA:0,(anonymous_15)
FNDA:0,(anonymous_16)
FNDA:0,(anonymous_17)
FNDA:0,(anonymous_18)
FNDA:0,(anonymous_19)
FNDA:0,(anonymous_20)
FNDA:0,(anonymous_21)
FNDA:0,(anonymous_22)
FNDA:0,(anonymous_23)
FNDA:0,(anonymous_24)
DA:18,0
DA:27,0
DA:38,0
DA:45,0
DA:59,0
DA:72,0
DA:74,0
DA:98,0
DA:99,0
DA:101,0
DA:108,0
DA:111,0
DA:114,0
DA:124,0
DA:127,0
DA:132,0
DA:140,0
DA:141,0
DA:144,0
DA:145,0
DA:148,0
DA:149,0
DA:150,0
DA:154,0
DA:155,0
DA:156,0
DA:160,0
DA:161,0
DA:164,0
DA:165,0
DA:166,0
DA:167,0
DA:168,0
DA:169,0
DA:171,0
DA:174,0
DA:186,0
DA:202,0
DA:204,0
DA:205,0
DA:206,0
DA:208,0
DA:238,0
DA:240,0
DA:241,0
DA:242,0
DA:244,0
DA:272,0
DA:274,0
DA:275,0
DA:276,0
DA:277,0
DA:279,0
DA:311,0
DA:313,0
DA:314,0
DA:315,0
DA:317,0
DA:349,0
DA:351,0
DA:352,0
DA:353,0
DA:354,0
DA:356,0
DA:388,0
DA:390,0
DA:391,0
DA:392,0
DA:393,0
DA:395,0
DA:431,0
DA:433,0
DA:434,0
DA:435,0
DA:437,0
DA:462,0
DA:475,0
DA:477,0
DA:478,0
DA:481,0
DA:482,0
DA:483,0
DA:484,0
DA:487,0
DA:488,0
DA:489,0
DA:490,0
DA:491,0
DA:493,0
DA:497,0
DA:498,0
DA:499,0
DA:500,0
DA:501,0
DA:502,0
DA:503,0
DA:505,0
DA:506,0
DA:510,0
DA:511,0
DA:513,0
DA:518,0
DA:519,0
DA:521,0
DA:522,0
DA:523,0
DA:525,0
DA:526,0
DA:529,0
DA:530,0
DA:531,0
DA:532,0
DA:533,0
DA:534,0
DA:535,0
DA:537,0
DA:538,0
DA:544,0
DA:546,0
DA:555,0
DA:560,0
DA:568,0
DA:569,0
DA:576,0
DA:579,0
DA:598,0
DA:599,0
DA:601,0
DA:603,0
DA:606,0
DA:607,0
DA:609,0
DA:610,0
DA:611,0
DA:612,0
DA:613,0
DA:614,0
DA:615,0
DA:616,0
DA:619,0
DA:620,0
DA:621,0
DA:622,0
DA:623,0
DA:624,0
DA:625,0
DA:626,0
DA:629,0
DA:630,0
DA:633,0
DA:636,0
DA:637,0
DA:639,0
DA:640,0
DA:642,0
DA:643,0
DA:645,0
DA:646,0
DA:649,0
DA:652,0
DA:659,0
DA:667,0
DA:668,0
DA:669,0
DA:670,0
DA:673,0
DA:675,0
DA:676,0
DA:677,0
DA:678,0
DA:679,0
DA:680,0
DA:681,0
DA:687,0
DA:688,0
DA:689,0
DA:690,0
DA:691,0
DA:695,0
DA:700,0
DA:703,0
DA:707,0
DA:715,0
DA:716,0
DA:717,0
DA:720,0
DA:722,0
DA:723,0
DA:725,0
DA:726,0
DA:728,0
DA:729,0
DA:731,0
DA:732,0
DA:734,0
DA:737,0
DA:738,0
DA:740,0
DA:741,0
DA:742,0
DA:743,0
DA:744,0
DA:745,0
DA:751,0
DA:762,0
DA:764,0
DA:767,0
DA:770,0
DA:771,0
DA:775,0
DA:778,0
DA:779,0
DA:783,0
DA:784,0
DA:789,0
DA:790,0
DA:792,0
DA:793,0
DA:795,0
DA:796,0
DA:799,0
DA:802,0
DA:807,0
DA:815,0
DA:816,0
DA:818,0
DA:819,0
DA:820,0
DA:821,0
DA:823,0
DA:827,0
DA:833,0
DA:841,0
DA:843,0
DA:844,0
DA:846,0
DA:847,0
DA:859,0
DA:862,0
DA:869,0
DA:870,0
DA:872,0
DA:873,0
DA:874,0
DA:875,0
DA:876,0
DA:877,0
DA:878,0
DA:879,0
DA:880,0
DA:881,0
DA:882,0
DA:883,0
DA:884,0
DA:885,0
DA:887,0
DA:888,0
DA:891,0
DA:892,0
DA:897,0
LF:260
LH:0
BRDA:61,0,0,0
BRDA:62,1,0,0
BRDA:69,2,0,0
BRDA:70,3,0,0
BRDA:71,4,0,0
BRDA:80,5,0,0
BRDA:80,5,1,0
BRDA:81,6,0,0
BRDA:81,6,1,0
BRDA:82,7,0,0
BRDA:82,7,1,0
BRDA:83,8,0,0
BRDA:83,8,1,0
BRDA:87,9,0,0
BRDA:87,9,1,0
BRDA:88,10,0,0
BRDA:88,10,1,0
BRDA:89,11,0,0
BRDA:89,11,1,0
BRDA:90,12,0,0
BRDA:90,12,1,0
BRDA:93,13,0,0
BRDA:93,13,1,0
BRDA:94,14,0,0
BRDA:94,14,1,0
BRDA:103,15,0,0
BRDA:103,15,1,0
BRDA:111,16,0,0
BRDA:111,16,1,0
BRDA:112,17,0,0
BRDA:112,17,1,0
[...]
FN:433,(anonymous_22)
FN:442,(anonymous_23)
FN:450,(anonymous_24)
FN:460,(anonymous_25)
FN:475,(anonymous_26)
FN:495,(anonymous_27)
FN:511,(anonymous_28)
FN:530,(anonymous_29)
FN:532,(anonymous_30)
FN:557,(anonymous_31)
FN:565,(anonymous_32)
FN:573,(anonymous_33)
FN:581,(anonymous_34)
FN:589,(anonymous_35)
FN:597,(anonymous_36)
FN:619,(anonymous_37)
FN:634,(anonymous_38)
FN:644,(anonymous_39)
FN:658,(anonymous_40)
FN:676,(anonymous_41)
FNF:42
FNH:0
FNDA:0,(anonymous_0)
FNDA:0,(anonymous_1)
FNDA:0,(anonymous_2)
FNDA:0,(anonymous_3)
FNDA:0,(anonymous_4)
FNDA:0,(anonymous_5)
FNDA:0,(anonymous_6)
FNDA:0,(anonymous_7)
FNDA:0,(anonymous_8)
FNDA:0,(anonymous_9)
FNDA:0,(anonymous_10)
FNDA:0,(anonymous_11)
FNDA:0,(anonymous_12)
FNDA:0,(anonymous_13)
FNDA:0,(anonymous_14)
FNDA:0,(anonymous_15)
FNDA:0,(anonymous_16)
FNDA:0,(anonymous_17)
FNDA:0,(anonymous_18)
FNDA:0,(anonymous_19)
FNDA:0,(anonymous_20)
FNDA:0,(anonymous_21)
FNDA:0,(anonymous_22)
FNDA:0,(anonymous_23)
FNDA:0,(anonymous_24)
FNDA:0,(anonymous_25)
FNDA:0,(anonymous_26)
FNDA:0,(anonymous_27)
FNDA:0,(anonymous_28)
FNDA:0,(anonymous_29)
FNDA:0,(anonymous_30)
FNDA:0,(anonymous_31)
FNDA:0,(anonymous_32)
FNDA:0,(anonymous_33)
FNDA:0,(anonymous_34)
FNDA:0,(anonymous_35)
FNDA:0,(anonymous_36)
FNDA:0,(anonymous_37)
FNDA:0,(anonymous_38)
FNDA:0,(anonymous_39)
FNDA:0,(anonymous_40)
FNDA:0,(anonymous_41)
DA:18,0
DA:21,0
DA:57,0
DA:58,0
DA:61,0
DA:62,0
DA:65,0
DA:68,0
DA:70,0
DA:78,0
DA:79,0
DA:83,0
DA:84,0
DA:88,0
DA:89,0
DA:97,0
DA:129,0
DA:130,0
DA:133,0
DA:140,0
DA:141,0
DA:149,0
DA:156,0
DA:157,0
DA:162,0
DA:171,0
DA:178,0
DA:181,0
DA:182,0
DA:186,0
DA:187,0
DA:191,0
DA:192,0
DA:196,0
DA:197,0
DA:201,0
DA:204,0
DA:205,0
DA:206,0
DA:207,0
DA:210,0
DA:217,0
DA:218,0
DA:220,0
DA:241,0
DA:253,0
DA:265,0
DA:276,0
DA:289,0
DA:301,0
DA:302,0
DA:312,0
DA:315,0
DA:318,0
DA:326,0
DA:333,0
DA:334,0
DA:335,0
DA:336,0
DA:339,0
DA:342,0
DA:343,0
DA:344,0
DA:348,0
DA:351,0
DA:361,0
DA:372,0
DA:379,0
DA:380,0
DA:389,0
DA:392,0
DA:393,0
DA:394,0
DA:395,0
DA:400,0
DA:402,0
DA:409,0
DA:410,0
DA:412,0
DA:413,0
DA:415,0
DA:416,0
DA:424,0
DA:427,0
DA:434,0
DA:435,0
DA:436,0
DA:443,0
DA:444,0
DA:451,0
DA:452,0
DA:454,0
DA:461,0
DA:462,0
DA:464,0
DA:465,0
DA:476,0
DA:479,0
DA:487,0
DA:489,0
DA:496,0
DA:498,0
DA:499,0
DA:500,0
DA:501,0
DA:503,0
DA:504,0
DA:512,0
DA:514,0
DA:515,0
DA:516,0
DA:518,0
DA:523,0
DA:531,0
DA:532,0
DA:534,0
DA:535,0
DA:539,0
DA:540,0
DA:544,0
DA:545,0
DA:549,0
DA:550,0
DA:559,0
DA:567,0
DA:575,0
DA:583,0
DA:591,0
DA:598,0
DA:599,0
DA:601,0
DA:602,0
DA:604,0
DA:611,0
DA:620,0
DA:621,0
DA:623,0
DA:624,0
DA:626,0
DA:636,0
DA:637,0
DA:645,0
DA:659,0
DA:660,0
DA:662,0
DA:677,0
DA:678,0
DA:680,0
LF:148
LH:0
BRDA:17,0,0,0
BRDA:25,1,0,0
BRDA:25,1,1,0
BRDA:26,2,0,0
BRDA:26,2,1,0
BRDA:37,3,0,0
BRDA:37,3,1,0
BRDA:43,4,0,0
BRDA:43,4,1,0
BRDA:44,5,0,0
BRDA:44,5,1,0
BRDA:51,6,0,0
BRDA:51,6,1,0
BRDA:96,7,0,0
BRDA:110,8,0,0
BRDA:110,8,1,0
BRDA:115,9,0,0
BRDA:115,9,1,0
BRDA:119,10,0,0
BRDA:119,10,1,0
BRDA:129,11,0,0
BRDA:129,11,1,0
BRDA:168,12,0,0
BRDA:168,12,1,0
BRDA:177,13,0,0
BRDA:181,14,0,0
BRDA:181,14,1,0
BRDA:186,15,0,0
BRDA:186,15,1,0
BRDA:191,16,0,0
BRDA:191,16,1,0
BRDA:196,17,0,0
BRDA:196,17,1,0
BRDA:205,18,0,0
BRDA:205,18,1,0
BRDA:291,19,0,0
BRDA:291,19,1,0
BRDA:292,20,0,0
BRDA:292,20,1,0
BRDA:300,21,0,0
BRDA:300,22,0,0
BRDA:332,23,0,0
BRDA:332,24,0,0
BRDA:334,25,0,0
BRDA:334,25,1,0
BRDA:343,26,0,0
BRDA:343,26,1,0
BRDA:372,27,0,0
BRDA:372,27,1,0
BRDA:378,28,0,0
BRDA:392,29,0,0
BRDA:392,29,1,0
BRDA:394,30,0,0
BRDA:394,30,1,0
BRDA:410,31,0,0
BRDA:410,31,1,0
BRDA:424,32,0,0
BRDA:424,32,1,0
BRDA:436,33,0,0
BRDA:436,33,1,0
BRDA:444,34,0,0
BRDA:444,34,1,0
BRDA:452,35,0,0
BRDA:452,35,1,0
BRDA:464,36,0,0
BRDA:464,36,1,0
BRDA:475,37,0,0
BRDA:495,38,0,0
BRDA:495,39,0,0
BRDA:511,40,0,0
BRDA:511,41,0,0
BRDA:534,42,0,0
BRDA:534,42,1,0
BRDA:539,43,0,0
BRDA:539,43,1,0
BRDA:544,44,0,0
BRDA:544,44,1,0
BRDA:549,45,0,0
BRDA:549,45,1,0
BRDA:602,46,0,0
BRDA:602,46,1,0
BRDA:624,47,0,0
BRDA:624,47,1,0
BRDA:636,48,0,0
BRDA:636,48,1,0
BRDA:659,49,0,0
BRDA:659,49,1,0
BRDA:660,50,0,0
BRDA:660,50,1,0
BRDA:678,51,0,0
BRDA:678,51,1,0
BRF:91
BRH:0
end_of_record
TN:
SF:backend/services/threatAggregator.js
FN:9,(anonymous_0)
FN:32,(anonymous_1)
FN:75,(anonymous_2)
FN:148,(anonymous_3)
FN:194,(anonymous_4)
FN:239,(anonymous_5)
FN:264,(anonymous_6)
FN:291,(anonymous_7)
FN:311,(anonymous_8)
FN:323,(anonymous_9)
FN:357,(anonymous_10)
FN:380,(anonymous_11)
FN:398,(anonymous_12)
FN:427,(anonymous_13)
FN:446,(anonymous_14)
FN:466,(anonymous_15)
FN:467,(anonymous_16)
FN:477,(anonymous_17)
FN:484,(anonymous_18)
FN:520,(anonymous_19)
FNF:20
FNH:0
FNDA:0,(anonymous_0)
FNDA:0,(anonymous_1)
FNDA:0,(anonymous_2)
FNDA:0,(anonymous_3)
FNDA:0,(anonymous_4)
FNDA:0,(anonymous_5)
FNDA:0,(anonymous_6)
FNDA:0,(anonymous_7)
FNDA:0,(anonymous_8)
FNDA:0,(anonymous_9)
FNDA:0,(anonymous_10)
FNDA:0,(anonymous_11)
FNDA:0,(anonymous_12)
FNDA:0,(anonymous_13)
FNDA:0,(anonymous_14)
FNDA:0,(anonymous_15)
FNDA:0,(anonymous_16)
FNDA:0,(anonymous_17)
FNDA:0,(anonymous_18)
FNDA:0,(anonymous_19)
DA:10,0
DA:20,0
DA:21,0
DA:22,0
DA:23,0
DA:24,0
DA:26,0
DA:34,0
DA:35,0
DA:43,0
DA:76,0
DA:77,0
DA:87,0
DA:88,0
DA:89,0
DA:90,0
DA:91,0
DA:96,0
DA:97,0
DA:98,0
DA:99,0
DA:103,0
DA:104,0
DA:105,0
DA:106,0
DA:110,0
DA:111,0
DA:115,0
DA:119,0
DA:122,0
DA:125,0
DA:128,0
DA:129,0
DA:132,0
DA:134,0
DA:135,0
DA:149,0
DA:150,0
DA:151,0
DA:154,0
DA:167,0
DA:168,0
DA:171,0
DA:172,0
DA:174,0
DA:186,0
DA:187,0
DA:195,0
DA:196,0
DA:199,0
DA:200,0
DA:201,0
DA:202,0
DA:203,0
DA:208,0
DA:209,0
DA:210,0
DA:211,0
DA:212,0
DA:213,0
DA:219,0
DA:220,0
DA:221,0
DA:222,0
DA:225,0
DA:226,0
DA:233,0
DA:240,0
DA:241,0
DA:242,0
DA:245,0
DA:246,0
DA:247,0
DA:249,0
DA:250,0
DA:258,0
DA:265,0
DA:266,0
DA:268,0
DA:270,0
DA:277,0
DA:278,0
DA:282,0
DA:283,0
DA:284,0
DA:292,0
DA:293,0
DA:300,0
DA:301,0
DA:306,0
DA:309,0
DA:310,0
DA:311,0
DA:315,0
DA:316,0
DA:324,0
DA:325,0
DA:326,0
DA:328,0
DA:336,0
DA:351,0
DA:358,0
DA:359,0
DA:362,0
DA:371,0
DA:372,0
DA:374,0
DA:381,0
DA:382,0
DA:383,0
DA:387,0
DA:388,0
DA:389,0
DA:392,0
DA:399,0
DA:401,0
DA:402,0
DA:403,0
DA:404,0
DA:405,0
DA:406,0
DA:409,0
DA:410,0
DA:413,0
DA:414,0
DA:417,0
DA:418,0
DA:421,0
DA:428,0
DA:447,0
DA:448,0
DA:450,0
DA:451,0
DA:452,0
DA:460,0
DA:467,0
DA:478,0
DA:485,0
DA:486,0
DA:489,0
DA:490,0
DA:491,0
DA:496,0
DA:497,0
DA:498,0
DA:503,0
DA:504,0
DA:505,0
DA:510,0
DA:511,0
DA:512,0
DA:521,0
LF:152
LH:0
BRDA:9,0,0,0
BRDA:13,1,0,0
BRDA:13,1,1,0
BRDA:14,2,0,0
BRDA:14,2,1,0
BRDA:15,3,0,0
BRDA:15,3,1,0
BRDA:16,4,0,0
BRDA:16,4,1,0
BRDA:34,5,0,0
BRDA:34,5,1,0
BRDA:75,6,0,0
BRDA:87,7,0,0
BRDA:87,7,1,0
BRDA:89,8,0,0
BRDA:89,8,1,0
BRDA:97,9,0,0
BRDA:97,9,1,0
BRDA:104,10,0,0
BRDA:104,10,1,0
BRDA:110,11,0,0
BRDA:110,11,1,0
BRDA:128,12,0,0
BRDA:128,12,1,0
BRDA:150,13,0,0
BRDA:150,13,1,0
BRDA:167,14,0,0
BRDA:167,14,1,0
BRDA:199,15,0,0
BRDA:199,15,1,0
BRDA:201,16,0,0
BRDA:201,16,1,0
BRDA:208,17,0,0
BRDA:208,17,1,0
BRDA:210,18,0,0
BRDA:210,18,1,0
BRDA:220,19,0,0
BRDA:220,19,1,0
BRDA:220,20,0,0
BRDA:220,20,1,0
BRDA:225,21,0,0
BRDA:225,21,1,0
BRDA:241,22,0,0
BRDA:241,22,1,0
BRDA:249,23,0,0
BRDA:249,23,1,0
BRDA:264,24,0,0
BRDA:268,25,0,0
BRDA:268,25,1,0
BRDA:268,26,0,0
BRDA:268,26,1,0
BRDA:283,27,0,0
BRDA:283,27,1,0
BRDA:291,28,0,0
BRDA:292,29,0,0
BRDA:292,29,1,0
BRDA:315,30,0,0
BRDA:315,30,1,0
BRDA:323,31,0,0
BRDA:324,32,0,0
BRDA:324,32,1,0
BRDA:358,33,0,0
BRDA:358,33,1,0
BRDA:382,34,0,0
BRDA:382,34,1,0
BRDA:387,35,0,0
BRDA:387,35,1,0
BRDA:401,36,0,0
BRDA:401,36,1,0
BRDA:403,37,0,0
BRDA:403,37,1,0
BRDA:405,38,0,0
BRDA:405,38,1,0
BRDA:409,39,0,0
BRDA:409,39,1,0
BRDA:413,40,0,0
BRDA:413,40,1,0
BRDA:417,41,0,0
BRDA:417,41,1,0
BRDA:451,42,0,0
BRDA:451,42,1,0
BRDA:490,43,0,0
BRDA:490,43,1,0
BRDA:497,44,0,0
BRDA:497,44,1,0
BRDA:504,45,0,0
BRDA:504,45,1,0
BRDA:511,46,0,0
BRDA:511,46,1,0
BRDA:526,47,0,0
BRDA:526,47,1,0
BRF:91
BRH:0
end_of_record
TN:
SF:backend/services/tokenRotationService.js
FN:21,(anonymous_0)
FN:32,(anonymous_1)
FN:41,(anonymous_2)
FN:95,(anonymous_3)
FN:102,(anonymous_4)
FN:141,(anonymous_5)
FN:186,(anonymous_6)
FN:199,(anonymous_7)
FN:237,(anonymous_8)
FN:250,(anonymous_9)
FN:265,(anonymous_10)
FN:273,(anonymous_11)
FN:318,(anonymous_12)
FN:370,(anonymous_13)
FN:393,(anonymous_14)
FN:423,(anonymous_15)
FN:433,(anonymous_16)
FN:450,(anonymous_17)
FNF:18
FNH:0
FNDA:0,(anonymous_0)
FNDA:0,(anonymous_1)
FNDA:0,(anonymous_2)
FNDA:0,(anonymous_3)
FNDA:0,(anonymous_4)
FNDA:0,(anonymous_5)
FNDA:0,(anonymous_6)
FNDA:0,(anonymous_7)
FNDA:0,(anonymous_8)
FNDA:0,(anonymous_9)
FNDA:0,(anonymous_10)
FNDA:0,(anonymous_11)
FNDA:0,(anonymous_12)
FNDA:0,(anonymous_13)
FNDA:0,(anonymous_14)
FNDA:0,(anonymous_15)
FNDA:0,(anonymous_16)
FNDA:0,(anonymous_17)
DA:22,0
DA:23,0
DA:24,0
DA:25,0
DA:33,0
DA:35,0
DA:38,0
DA:41,0
DA:42,0
DA:45,0
DA:46,0
DA:52,0
DA:58,0
DA:64,0
DA:67,0
DA:75,0
DA:82,0
DA:87,0
DA:96,0
DA:97,0
DA:99,0
DA:101,0
DA:102,0
DA:105,0
DA:111,0
DA:119,0
DA:126,0
DA:128,0
DA:133,0
DA:142,0
DA:143,0
DA:144,0
DA:145,0
DA:146,0
DA:149,0
DA:158,0
DA:159,0
DA:161,0
DA:167,0
DA:174,0
DA:187,0
DA:188,0
DA:189,0
DA:192,0
DA:193,0
DA:194,0
DA:197,0
DA:199,0
DA:200,0
DA:201,0
DA:202,0
DA:203,0
DA:209,0
DA:210,0
DA:214,0
DA:216,0
DA:224,0
DA:229,0
DA:238,0
DA:239,0
DA:241,0
DA:242,0
DA:245,0
DA:246,0
DA:249,0
DA:250,0
DA:252,0
DA:253,0
DA:258,0
DA:259,0
DA:260,0
DA:265,0
DA:266,0
DA:267,0
DA:268,0
DA:272,0
DA:274,0
DA:275,0
DA:276,0
DA:279,0
DA:280,0
DA:281,0
DA:285,0
DA:286,0
DA:287,0
DA:288,0
DA:291,0
DA:292,0
DA:301,0
DA:303,0
DA:310,0
DA:319,0
DA:321,0
DA:322,0
DA:323,0
DA:331,0
DA:332,0
DA:333,0
DA:342,0
DA:343,0
DA:344,0
DA:352,0
DA:354,0
DA:362,0
DA:371,0
DA:372,0
DA:373,0
DA:375,0
DA:376,0
DA:378,0
DA:380,0
DA:385,0
DA:394,0
DA:395,0
DA:396,0
DA:398,0
DA:399,0
DA:401,0
DA:402,0
DA:408,0
DA:410,0
DA:415,0
DA:426,0
DA:434,0
DA:435,0
DA:437,0
DA:438,0
DA:439,0
DA:440,0
DA:443,0
DA:451,0
DA:452,0
DA:453,0
DA:455,0
DA:464,0
DA:465,0
DA:468,0
DA:469,0
DA:472,0
DA:473,0
DA:476,0
DA:477,0
DA:479,0
DA:481,0
DA:485,0
DA:491,0
LF:146
LH:0
BRDA:32,0,0,0
BRDA:42,1,0,0
BRDA:42,1,1,0
BRDA:45,2,0,0
BRDA:45,2,1,0
BRDA:95,3,0,0
BRDA:99,4,0,0
BRDA:99,4,1,0
BRDA:143,5,0,0
BRDA:143,5,1,0
BRDA:144,6,0,0
BRDA:144,6,1,0
BRDA:145,7,0,0
BRDA:145,7,1,0
BRDA:146,8,0,0
BRDA:146,8,1,0
BRDA:146,8,2,0
BRDA:176,9,0,0
BRDA:176,9,1,0
BRDA:188,10,0,0
BRDA:188,10,1,0
BRDA:188,11,0,0
BRDA:188,11,1,0
BRDA:200,12,0,0
BRDA:200,12,1,0
BRDA:200,13,0,0
BRDA:200,13,1,0
BRDA:202,14,0,0
BRDA:202,14,1,0
BRDA:209,15,0,0
BRDA:209,15,1,0
BRDA:241,16,0,0
BRDA:241,16,1,0
BRDA:252,17,0,0
BRDA:252,17,1,0
BRDA:258,18,0,0
BRDA:258,18,1,0
BRDA:266,19,0,0
BRDA:266,19,1,0
BRDA:279,20,0,0
BRDA:279,20,1,0
BRDA:286,21,0,0
BRDA:286,21,1,0
BRDA:286,22,0,0
BRDA:286,22,1,0
BRDA:291,23,0,0
BRDA:291,23,1,0
BRDA:318,24,0,0
BRDA:322,25,0,0
BRDA:322,25,1,0
BRDA:332,26,0,0
BRDA:332,26,1,0
BRDA:343,27,0,0
BRDA:343,27,1,0
BRDA:401,28,0,0
BRDA:401,28,1,0
BRDA:401,29,0,0
BRDA:401,29,1,0
BRDA:435,30,0,0
BRDA:435,30,1,0
BRF:60
BRH:0
end_of_record
TN:
SF:backend/services/userExperienceService.js
FN:17,(anonymous_0)
FN:40,(anonymous_1)
FN:222,(anonymous_2)
FN:285,(anonymous_3)
FN:326,(anonymous_4)
FN:367,(anonymous_5)
FN:408,(anonymous_6)
FN:423,(anonymous_7)
FN:464,(anonymous_8)
FN:497,(anonymous_9)
FN:531,(anonymous_10)
FN:590,(anonymous_11)
FN:648,(anonymous_12)
FN:662,(anonymous_13)
FN:697,(anonymous_14)
FN:735,(anonymous_15)
FN:768,(anonymous_16)
FN:797,(anonymous_17)
FN:823,(anonymous_18)
FN:831,(anonymous_19)
FN:840,(anonymous_20)
FN:849,(anonymous_21)
FN:858,(anonymous_22)
FNF:23
FNH:0
FNDA:0,(anonymous_0)
FNDA:0,(anonymous_1)
FNDA:0,(anonymous_2)
FNDA:0,(anonymous_3)
FNDA:0,(anonymous_4)
FNDA:0,(anonymous_5)
FNDA:0,(anonymous_6)
FNDA:0,(anonymous_7)
FNDA:0,(anonymous_8)
FNDA:0,(anonymous_9)
FNDA:0,(anonymous_10)
FNDA:0,(anonymous_11)
FNDA:0,(anonymous_12)
FNDA:0,(anonymous_13)
FNDA:0,(anonymous_14)
FNDA:0,(anonymous_15)
FNDA:0,(anonymous_16)
FNDA:0,(anonymous_17)
FNDA:0,(anonymous_18)
FNDA:0,(anonymous_19)
FNDA:0,(anonymous_20)
FNDA:0,(anonymous_21)
FNDA:0,(anonymous_22)
DA:18,0
DA:19,0
DA:26,0
DA:41,0
DA:42,0
DA:45,0
DA:52,0
DA:55,0
DA:56,0
DA:57,0
DA:58,0
DA:59,0
DA:70,0
DA:71,0
DA:73,0
DA:75,0
DA:76,0
DA:78,0
DA:90,0
DA:102,0
DA:103,0
DA:104,0
DA:105,0
DA:106,0
DA:114,0
DA:115,0
DA:117,0
DA:118,0
DA:119,0
DA:121,0
DA:129,0
DA:140,0
DA:141,0
DA:142,0
DA:143,0
DA:144,0
DA:152,0
DA:153,0
DA:155,0
DA:156,0
DA:157,0
DA:159,0
DA:167,0
DA:177,0
DA:178,0
DA:179,0
DA:180,0
DA:181,0
DA:189,0
DA:190,0
DA:191,0
DA:193,0
DA:201,0
DA:204,0
DA:211,0
DA:223,0
DA:224,0
DA:225,0
DA:226,0
DA:235,0
DA:236,0
DA:237,0
DA:247,0
DA:248,0
DA:257,0
DA:266,0
DA:272,0
DA:286,0
DA:287,0
DA:288,0
DA:289,0
DA:296,0
DA:297,0
DA:298,0
DA:304,0
DA:310,0
DA:316,0
DA:327,0
DA:328,0
DA:329,0
DA:330,0
DA:337,0
DA:338,0
DA:339,0
DA:345,0
DA:351,0
DA:357,0
DA:368,0
DA:369,0
DA:370,0
DA:371,0
DA:378,0
DA:379,0
DA:380,0
DA:386,0
DA:392,0
DA:398,0
DA:409,0
DA:410,0
DA:411,0
DA:412,0
DA:413,0
DA:414,0
DA:416,0
DA:424,0
DA:425,0
DA:438,0
DA:441,0
DA:443,0
DA:452,0
DA:457,0
DA:465,0
DA:466,0
DA:467,0
DA:468,0
DA:475,0
DA:481,0
DA:484,0
DA:490,0
DA:498,0
DA:499,0
DA:500,0
DA:501,0
DA:503,0
DA:504,0
DA:507,0
DA:508,0
DA:509,0
DA:512,0
DA:513,0
DA:516,0
DA:519,0
DA:524,0
DA:532,0
DA:533,0
DA:540,0
DA:541,0
DA:542,0
DA:543,0
DA:550,0
DA:551,0
DA:553,0
DA:556,0
DA:562,0
DA:567,0
DA:575,0
DA:578,0
DA:583,0
DA:591,0
DA:593,0
DA:594,0
DA:596,0
DA:597,0
DA:600,0
DA:602,0
DA:603,0
DA:606,0
DA:607,0
DA:608,0
DA:610,0
DA:611,0
DA:614,0
DA:615,0
DA:618,0
DA:619,0
DA:622,0
DA:623,0
DA:626,0
DA:627,0
DA:630,0
DA:633,0
DA:641,0
DA:649,0
DA:650,0
DA:652,0
DA:653,0
DA:656,0
DA:663,0
DA:664,0
DA:665,0
DA:667,0
DA:668,0
DA:669,0
DA:673,0
DA:674,0
DA:679,0
DA:681,0
DA:684,0
DA:690,0
DA:698,0
DA:699,0
DA:700,0
DA:703,0
DA:709,0
DA:710,0
DA:711,0
DA:714,0
DA:720,0
DA:723,0
DA:728,0
DA:736,0
DA:737,0
DA:738,0
DA:740,0
DA:747,0
DA:753,0
DA:756,0
DA:761,0
DA:769,0
DA:770,0
DA:771,0
DA:772,0
DA:774,0
DA:775,0
DA:778,0
DA:779,0
DA:780,0
DA:783,0
DA:786,0
DA:790,0
DA:798,0
DA:799,0
DA:800,0
DA:801,0
DA:803,0
DA:808,0
DA:811,0
DA:816,0
DA:824,0
DA:825,0
DA:834,0
DA:843,0
DA:852,0
DA:859,0
DA:860,0
DA:863,0
DA:866,0
DA:869,0
DA:871,0
DA:880,0
DA:884,0
DA:890,0
LF:242
LH:0
BRDA:40,0,0,0
BRDA:55,1,0,0
BRDA:55,1,1,0
BRDA:57,2,0,0
BRDA:57,2,1,0
BRDA:73,3,0,0
BRDA:73,3,1,0
BRDA:102,4,0,0
BRDA:102,4,1,0
BRDA:104,5,0,0
BRDA:104,5,1,0
BRDA:117,6,0,0
BRDA:117,6,1,0
BRDA:140,7,0,0
BRDA:140,7,1,0
BRDA:142,8,0,0
BRDA:142,8,1,0
BRDA:155,9,0,0
BRDA:155,9,1,0
BRDA:177,10,0,0
BRDA:177,10,1,0
BRDA:179,11,0,0
BRDA:179,11,1,0
BRDA:225,12,0,0
BRDA:225,12,1,0
BRDA:236,13,0,0
BRDA:236,13,1,0
BRDA:247,14,0,0
BRDA:247,14,1,0
BRDA:288,15,0,0
BRDA:288,15,1,0
BRDA:288,16,0,0
BRDA:288,16,1,0
BRDA:297,17,0,0
BRDA:297,17,1,0
BRDA:329,18,0,0
BRDA:329,18,1,0
BRDA:329,19,0,0
BRDA:329,19,1,0
BRDA:338,20,0,0
BRDA:338,20,1,0
BRDA:370,21,0,0
BRDA:370,21,1,0
BRDA:370,22,0,0
BRDA:370,22,1,0
BRDA:379,23,0,0
BRDA:379,23,1,0
BRDA:409,24,0,0
BRDA:409,24,1,0
BRDA:411,25,0,0
BRDA:411,25,1,0
BRDA:413,26,0,0
BRDA:413,26,1,0
BRDA:423,27,0,0
BRDA:432,28,0,0
BRDA:432,28,1,0
BRDA:433,29,0,0
BRDA:433,29,1,0
BRDA:503,30,0,0
BRDA:503,30,1,0
BRDA:508,31,0,0
BRDA:508,31,1,0
BRDA:512,32,0,0
BRDA:512,32,1,0
BRDA:550,33,0,0
BRDA:550,33,1,0
BRDA:594,34,0,0
BRDA:594,34,1,0
BRDA:594,34,2,0
BRDA:594,34,3,0
BRDA:594,34,4,0
BRDA:594,34,5,0
BRDA:594,34,6,0
BRDA:594,34,7,0
BRDA:648,35,0,0
BRDA:668,36,0,0
BRDA:668,36,1,0
BRDA:674,37,0,0
BRDA:674,37,1,0
BRDA:774,38,0,0
BRDA:774,38,1,0
BRDA:779,39,0,0
BRDA:779,39,1,0
BRDA:875,40,0,0
BRDA:875,40,1,0
BRDA:876,41,0,0
BRDA:876,41,1,0
BRF:87
BRH:0
end_of_record
TN:
SF:backend/services/__tests__/panelService.test.js
FN:20,(anonymous_0)
FN:23,(anonymous_1)
FN:29,(anonymous_2)
FN:41,(anonymous_3)
FN:51,(anonymous_4)
FN:65,(anonymous_5)
FN:78,(anonymous_6)
FN:86,(anonymous_7)
FN:100,(anonymous_8)
FN:101,(anonymous_9)
FN:121,(anonymous_10)
FN:130,(anonymous_11)
FN:131,(anonymous_12)
FN:139,(anonymous_13)
FN:150,(anonymous_14)
FN:151,(anonymous_15)
FN:163,(anonymous_16)
FN:171,(anonymous_17)
FN:172,(anonymous_18)
FN:203,(anonymous_19)
FN:217,(anonymous_20)
FN:218,(anonymous_21)
FN:242,(anonymous_22)
FN:243,(anonymous_23)
FN:251,(anonymous_24)
FNF:25
FNH:0
FNDA:0,(anonymous_0)
FNDA:0,(anonymous_1)
FNDA:0,(anonymous_2)
FNDA:0,(anonymous_3)
FNDA:0,(anonymous_4)
FNDA:0,(anonymous_5)
FNDA:0,(anonymous_6)
FNDA:0,(anonymous_7)
FNDA:0,(anonymous_8)
FNDA:0,(anonymous_9)
FNDA:0,(anonymous_10)
FNDA:0,(anonymous_11)
FNDA:0,(anonymous_12)
FNDA:0,(anonymous_13)
FNDA:0,(anonymous_14)
FNDA:0,(anonymous_15)
FNDA:0,(anonymous_16)
FNDA:0,(anonymous_17)
FNDA:0,(anonymous_18)
FNDA:0,(anonymous_19)
FNDA:0,(anonymous_20)
FNDA:0,(anonymous_21)
FNDA:0,(anonymous_22)
FNDA:0,(anonymous_23)
FNDA:0,(anonymous_24)
DA:9,0
DA:15,0
DA:20,0
DA:23,0
DA:24,0
DA:25,0
DA:26,0
DA:29,0
DA:30,0
DA:31,0
DA:41,0
DA:42,0
DA:43,0
DA:51,0
DA:52,0
DA:54,0
DA:55,0
DA:56,0
DA:57,0
DA:60,0
DA:61,0
DA:62,0
DA:65,0
DA:67,0
DA:71,0
DA:75,0
DA:78,0
DA:79,0
DA:81,0
DA:86,0
DA:87,0
DA:92,0
DA:94,0
DA:95,0
DA:96,0
DA:100,0
DA:101,0
DA:102,0
DA:112,0
DA:114,0
DA:116,0
DA:117,0
DA:118,0
DA:121,0
DA:122,0
DA:124,0
DA:126,0
DA:130,0
DA:131,0
DA:132,0
DA:134,0
DA:136,0
DA:139,0
DA:140,0
DA:144,0
DA:150,0
DA:151,0
DA:152,0
DA:157,0
DA:163,0
DA:164,0
DA:171,0
DA:172,0
DA:173,0
DA:181,0
DA:189,0
DA:190,0
DA:197,0
DA:199,0
DA:200,0
DA:203,0
DA:204,0
DA:205,0
DA:209,0
DA:213,0
DA:217,0
DA:218,0
DA:219,0
DA:232,0
DA:234,0
DA:236,0
DA:237,0
DA:238,0
DA:242,0
DA:243,0
DA:244,0
DA:246,0
DA:251,0
DA:252,0
DA:253,0
DA:257,0
DA:261,0
DA:262,0
DA:268,0
LF:94
LH:0
BRF:0
BRH:0
end_of_record
TN:
SF:backend/services/eventHandlers/securityEventHandler.js
FN:11,(anonymous_0)
FN:31,(anonymous_1)
FN:61,(anonymous_2)
FN:94,(anonymous_3)
FN:127,(anonymous_4)
FN:162,(anonymous_5)
FN:193,(anonymous_6)
FN:212,(anonymous_7)
FN:226,(anonymous_8)
FN:243,(anonymous_9)
FN:259,(anonymous_10)
FN:275,(anonymous_11)
FN:290,(anonymous_12)
FN:309,(anonymous_13)
FN:324,(anonymous_14)
FN:342,(anonymous_15)
FN:357,(anonymous_16)
FN:372,(anonymous_17)
FN:389,(anonymous_18)
FN:405,(anonymous_19)
FN:421,(anonymous_20)
FN:438,(anonymous_21)
FN:455,(anonymous_22)
FN:471,(anonymous_23)
FN:488,(anonymous_24)
FN:504,(anonymous_25)
FN:517,(anonymous_26)
FN:529,(anonymous_27)
FNF:28
FNH:0
FNDA:0,(anonymous_0)
FNDA:0,(anonymous_1)
FNDA:0,(anonymous_2)
FNDA:0,(anonymous_3)
FNDA:0,(anonymous_4)
FNDA:0,(anonymous_5)
FNDA:0,(anonymous_6)
FNDA:0,(anonymous_7)
FNDA:0,(anonymous_8)
FNDA:0,(anonymous_9)
FNDA:0,(anonymous_10)
FNDA:0,(anonymous_11)
FNDA:0,(anonymous_12)
FNDA:0,(anonymous_13)
FNDA:0,(anonymous_14)
FNDA:0,(anonymous_15)
FNDA:0,(anonymous_16)
FNDA:0,(anonymous_17)
FNDA:0,(anonymous_18)
FNDA:0,(anonymous_19)
FNDA:0,(anonymous_20)
FNDA:0,(anonymous_21)
FNDA:0,(anonymous_22)
FNDA:0,(anonymous_23)
FNDA:0,(anonymous_24)
FNDA:0,(anonymous_25)
FNDA:0,(anonymous_26)
FNDA:0,(anonymous_27)
DA:12,0
DA:13,0
DA:14,0
DA:22,0
DA:32,0
DA:34,0
DA:37,0
DA:40,0
DA:42,0
DA:49,0
DA:62,0
DA:64,0
DA:67,0
DA:70,0
DA:71,0
DA:74,0
DA:82,0
DA:95,0
DA:97,0
DA:100,0
DA:103,0
DA:104,0
DA:107,0
DA:115,0
DA:128,0
DA:130,0
DA:133,0
DA:134,0
DA:138,0
DA:139,0
DA:142,0
DA:150,0
DA:163,0
DA:165,0
DA:168,0
DA:169,0
DA:172,0
DA:181,0
DA:194,0
DA:195,0
DA:196,0
DA:198,0
DA:199,0
DA:202,0
DA:203,0
DA:206,0
DA:207,0
DA:211,0
DA:212,0
DA:215,0
DA:216,0
DA:225,0
DA:226,0
DA:229,0
DA:230,0
DA:248,0
DA:264,0
DA:279,0
DA:294,0
DA:296,0
DA:298,0
DA:299,0
DA:313,0
DA:325,0
DA:343,0
DA:361,0
DA:376,0
DA:377,0
DA:390,0
DA:409,0
DA:422,0
DA:439,0
DA:459,0
DA:472,0
DA:489,0
DA:505,0
DA:518,0
DA:520,0
DA:530,0
DA:531,0
DA:533,0
DA:540,0
LF:82
LH:0
BRDA:70,0,0,0
BRDA:70,0,1,0
BRDA:103,1,0,0
BRDA:103,1,1,0
BRDA:133,2,0,0
BRDA:133,2,1,0
BRDA:138,3,0,0
BRDA:138,3,1,0
BRDA:168,4,0,0
BRDA:168,4,1,0
BRDA:198,5,0,0
BRDA:198,5,1,0
BRDA:206,6,0,0
BRDA:206,6,1,0
BRDA:215,7,0,0
BRDA:215,7,1,0
BRDA:226,8,0,0
BRDA:226,8,1,0
BRDA:229,9,0,0
BRDA:229,9,1,0
BRDA:294,10,0,0
BRDA:294,10,1,0
BRDA:298,11,0,0
BRDA:298,11,1,0
BRDA:376,12,0,0
BRDA:376,12,1,0
BRF:26
BRH:0
end_of_record
